282 0 0 0 0 0 0 0 2.17805 0 0 2.17805 0 -0.974482 0 -0.0710089 -0.929255 0 0.19699 -0.99618 0 -0.0218615 -1.03021 0 -0.169029 0 0 0 0 0 0 0 0 0 0 0 0 0 2.17805 0 0 2.17805 0
283 0 0 0 0 0 0 0 2.17805 0 0 2.17805 0 -0.952475 0 -0.0761751 -0.914696 0 0.192975 -0.996175 0 -0.0208733 -1.03113 0 -0.167823 0 0 0 0 0 0 0 0 0 0 0 0 0 2.17805 0 0 2.17805 0
284 0 0 0 0 0 0 0 2.17805 0 0 2.17805 0 -0.930271 0 -0.0817035 -0.900068 0 0.188401 -0.996151 0 -0.019914 -1.032 0 -0.166647 0 0 0 0 0 0 0 0 0 0 0 0 0 2.17805 0 0 2.17805 0
285 0 0 0 0 0 0 0 2.17805 0 0 2.17805 0 -0.907958 0 -0.0875873 -0.885415 0 0.183265 -0.996133 0 -0.0189707 -1.03289 0 -0.16548 0 0 0 0 0 0 0 0 0 0 0 0 0 2.17805 0 0 2.17805 0
286 0 0 0 0 0 0 0 2.17805 0 0 2.17805 0 -0.885651 0 -0.0938016 -0.870793 0 0.17758 -0.996146 0 -0.0180267 -1.03385 0 -0.164295 0 0 0 0 0 0 0 0 0 0 0 0 0 2.17805 0 0 2.17805 0
287 0 0 0 0 0 0 0 2.17805 0 0 2.17805 0 -0.863501 0 -0.1003 -0.856273 0 0.171392 -0.99621 0 -0.0170626 -1.03494 0 -0.163062 0 0 0 0 0 0 0 0 0 0 0 0 0 2.17805 0 0 2.17805 0
288 0 0 0 0 0 0 0 2.17805 0 0 2.17805 0 -0.841698 0 -0.107012 -0.84195 0 0.164776 -0.996339 0 -0.016056 -1.03621 0 -0.16175 0 0 0 0 0 0 0 0 0 0 0 0 0 2.17805 0 0 2.17805 0
289 0 0 0 0 0 0 0 2.17805 0 0 2.17805 0 -0.820479 0 -0.11384 -0.82794 0 0.157846 -0.996539 0 -0.0149822 -1.03767 0 -0.160325 0 0 0 0 0 0 0 0 0 0 0 0 0 2.17805 0 0 2.17805 0
290 0 0 0 0 0 0 0 2.17805 0 0 2.17805 0 -0.800128 0 -0.120664 -0.814389 0 0.15075 -0.996805 0 -0.0138137 -1.03934 0 -0.158751 0 0 0 0 0 0 0 0 0 0 0 0 0 2.17805 0 0 2.17805 0
291 0 0 0 0 0 0 0 2.17805 0 0 2.17805 0 -0.780956 0 -0.127343 -0.801465 0 0.14367 -0.997125 0 -0.0125195 -1.04122 0 -0.15699 0 0 0 0 0 0 0 0 0 0 0 0 0 2.17805 0 0 2.17805 0
292 0 0 0 0 0 0 0 2.17805 0 0 2.17805 0 -0.763288 0 -0.133731 -0.789351 0 0.136805 -0.997481 0 -0.0110643 -1.04329 0 -0.155 0 0 0 0 0 0 0 0 0 0 0 0 0 2.17805 0 0 2.17805 0
293 0 0 0 0 0 0 0 2.17805 0 0 2.17805 0 -0.747426 0 -0.139685 -0.778227 0 0.130353 -0.997846 0 -0.00940703 -1.04554 0 -0.15273 0 0 0 0 0 0 0 0 0 0 0 0 0 2.17805 0 0 2.17805 0
294 0 0 0 0 0 0 0 2.17805 0 0 2.17805 0 -0.733614 0 -0.145076 -0.768252 0 0.124496 -0.998195 0 -0.00750025 -1.04795 0 -0.150119 0 0 0 0 0 0 0 0 0 0 0 0 0 2.17805 0 0 2.17805 0
295 0 0 0 0 0 0 0 2.17805 0 0 2.17805 0 -0.722008 0 -0.149805 -0.75954 0 0.119379 -0.998496 0 -0.00529058 -1.05052 0 -0.147097 0 0 0 0 0 0 0 0 0 0 0 0 0 2.17805 0 0 2.17805 0
296 0 0 0 0 0 0 0 2.17805 0 0 2.17805 0 -0.712656 0 -0.153804 -0.752148 0 0.115099 -0.998718 0 -0.00272055 -1.05325 0 -0.143582 0 0 0 0 0 0 0 0 0 0 0 0 0 2.17805 0 0 2.17805 0
297 0 0 0 0 0 0 0 2.17805 0 0 2.17805 0 -0.705488 0 -0.157045 -0.746062 0 0.111698 -0.998827 0 0.000268318 -1.05614 0 -0.139485 0 0 0 0 0 0 0 0 0 0 0 0 0 2.17805 0 0 2.17805 0
298 0 0 0 0 0 0 0 2.17805 0 0 2.17805 0 -0.700327 0 -0.159535 -0.741206 0 0.109161 -0.998789 0 0.00373216 -1.0592 0 -0.134712 0 0 0 0 0 0 0 0 0 0 0 0 0 2.17805 0 0 2.17805 0
299 0 0 0 0 0 0 0 2.17805 0 0 2.17805 0 -0.696908 0 -0.161324 -0.737445 0 0.107424 -0.998564 0 0.0077213 -1.06242 0 -0.129168 0 0 0 0 0 0 0 0 0 0 0 0 0 2.17805 0 0 2.17805 0
300 0 0 0 0 0 0 0 2.17805 0 0 2.17805 0 -0.694912 0 -0.162495 -0.734614 0 0.106378 -0.998107 0 0.0122769 -1.06578 0 -0.122766 0 0 0 0 0 0 0 0 0 0 0 0 0 2.17805 0 0 2.17805 0
301 0 0 0 0 0 0 0 2.17805 0 0 2.17805 0 -0.693997 0 -0.163159 -0.732531 0 0.105883 -0.997366 0 0.0174272 -1.06924 0 -0.115426 0 0 0 0 0 0 0 0 0 0 0 0 0 2.17805 0 0 2.17805 0
302 0 0 0 0 0 0 0 2.17805 0 0 2.17805 0 -0.693835 0 -0.163445 -0.731025 0 0.105787 -0.99628 0 0.0231828 -1.07273 0 -0.10709 0 0 0 0 0 0 0 0 0 0 0 0 0 2.17805 0 0 2.17805 0
303 0 0 0 0 0 0 0 2.17805 0 0 2.17805 0 -0.694141 0 -0.163479 -0.729942 0 0.105941 -0.994775 0 0.0295311 -1.07614 0 -0.0977343 0 0 0 0 0 0 0 0 0 0 0 0 0 2.17805 0 0 2.17805 0
304 0 0 0 0 0 0 0 2.17805 0 0 2.17805 0 -0.694692 0 -0.16337 -0.72916 0 0.106224 -0.992764 0 0.0364289 -1.07929 0 -0.0873832 0 0 0 0 0 0 0 0 0 0 0 0 0 2.17805 0 0 2.17805 0
305 0 0 0 0 0 0 0 2.17805 0 0 2.17805 0 -0.695337 0 -0.163202 -0.728583 0 0.106545 -0.990143 0 0.0437951 -1.08198 0 -0.0761325 0 0 0 0 0 0 0 0 0 0 0 0 0 2.17805 0 0 2.17805 0
306 0 0 0 0 0 0 0 2.17805 0 0 2.17805 0 -0.695987 0 -0.163024 -0.728139 0 0.106856 -0.986799 0 0.0515045 -1.08394 0 -0.0641671 0 0 0 0 0 0 0 0 0 0 0 0 0 2.17805 0 0 2.17805 0
307 0 0 0 0 0 0 0 2.17805 0 0 2.17805 0 -0.696611 0 -0.162855 -0.727772 0 0.107141 -0.982608 0 0.0593843 -1.08488 0 -0.0517735 0 0 0 0 0 0 0 0 0 0 0 0 0 2.17805 0 0 2.17805 0
308 0 0 0 0 0 0 0 2.17805 0 0 2.17805 0 -0.697212 0 -0.162691 -0.727438 0 0.107412 -0.977451 0 0.0672185 -1.08451 0 -0.0393378 0 0 0 0 0 0 0 0 0 0 0 0 0 2.17805 0 0 2.17805 0
309 0 0 0 0 0 0 0 2.17805 0 0 2.17805 0 -0.697818 0 -0.162508 -0.727102 0 0.107698 -0.971224 0 0.0747606 -1.08256 0 -0.0273219 0 0 0 0 0 0 0 0 0 0 0 0 0 2.17805 0 0 2.17805 0
310 0 0 0 0 0 0 0 2.17805 0 0 2.17805 0 -0.698461 0 -0.162282 -0.726738 0 0.108032 -0.963847 0 0.0817546 -1.07881 0 -0.0162219 0 0 0 0 0 0 0 0 0 0 0 0 0 2.17805 0 0 2.17805 0
311 0 0 0 0 0 0 0 2.17805 0 0 2.17805 0 -0.699172 0 -0.161984 -0.726327 0 0.108445 -0.955265 0 0.087961 -1.07312 0 -0.00651237 0 0 0 0 0 0 0 0 0 0 0 0 0 2.17805 0 0 2.17805 0
312 0 0 0 0 0 0 0 2.17805 0 0 2.17805 0 -0.699969 0 -0.161594 -0.725857 0 0.108958 -0.945449 0 0.0931814 -1.06542 0 0.00140798 0 0 0 0 0 0 0 0 0 0 0 0 0 2.17805 0 0 2.17805 0
313 0 0 0 0 0 0 0 2.17805 0 0 2.17805 0 -0.700861 0 -0.161102 -0.725326 0 0.109583 -0.934385 0 0.0972771 -1.05568 0 0.00725851 0 0 0 0 0 0 0 0 0 0 0 0 0 2.17805 0 0 2.17805 0
314 0 0 0 0 0 0 0 2.17805 0 0 2.17805 0 -0.701843 0 -0.160507 -0.724737 0 0.110316 -0.922071 0 0.100178 -1.04391 0 0.0108988 0 0 0 0 0 0 0 0 0 0 0 0 0 2.17805 0 0 2.17805 0
315 0 0 0 0 0 0 0 2.17805 0 0 2.17805 0 -0.702901 0 -0.159817 -0.7241 0 0.111144 -0.908504 0 0.101881 -1.03015 0 0.0123296 0 0 0 0 0 0 0 0 0 0 0 0 0 2.17805 0 0 2.17805 0
316 0 0 0 0 0 0 0 2.17805 0 0 2.17805 0 -0.704012 0 -0.15905 -0.723426 0 0.112044 -0.893685 0 0.102444 -1.01442 0 0.0116772 0 0 0 0 0 0 0 0 0 0 0 0 0 2.17805 0 0 2.17805 0
317 0 0 0 0 0 0 0 2.17805 0 0 2.17805 0 -0.705154 0 -0.15823 -0.722729 0 0.112989 -0.877622 0 0.101966 -0.9968 0 0.00916253 0 0 0 0 0 0 0 0 0 0 0 0 0 2.17805 0 0 2.17805 0
318 0 0 0 0 0 0 0 2.17805 0 0 2.17805 0 -0.706299 0 -0.157384 -0.72202 0 0.113949 -0.86033 0 0.100575 -0.977351 0 0.00506477 0 0 0 0 0 0 0 0 0 0 0 0 0 2.17805 0 0 2.17805 0
319 0 0 0 0 0 0 0 2.17805 0 0 2.17805 0 -0.707425 0 -0.156538 -0.721312 0 0.114895 -0.84184 0 0.0984045 -0.956165 0 -0.000316807 0 0 0 0 0 0 0 0 0 0 0 0 0 2.17805 0 0 2.17805 0
320 0 0 0 0 0 0 0 2.17805 0 0 2.17805 0 -0.708512 0 -0.155713 -0.720615 0 0.115805 -0.822198 0 0.0955825 -0.933351 0 -0.00669625 0 0 0 0 0 0 0 0 0 0 0 0 0 2.17805 0 0 2.17805 0
321 0 0 0 0 0 0 0 2.17805 0 0 2.17805 0 -0.709548 0 -0.154924 -0.719935 0 0.116666 -0.801461 0 0.0922185 -0.909029 0 -0.0138248 0 0 0 0 0 0 0 0 0 0 0 0 0 2.17805 0 0 2.17805 0
322 0 0 0 0 0 0 0 2.17805 0 0 2.17805 0 -0.710526 0 -0.154177 -0.719274 0 0.117471 -0.779698 0 0.0883998 -0.883319 0 -0.0215032 0 0 0 0 0 0 0 0 0 0 0 0 0 2.17805 0 0 2.17805 0
323 0 0 0 0 0 0 0 2.17805 0 0 2.17805 0 -0.711448 0 -0.153466 -0.718633 0 0.118228 -0.756981 0 0.0841914 -0.856337 0 -0.0295817 0 0 0 0 0 0 0 0 0 0 0 0 0 2.17805 0 0 2.17805 0
324 0 0 0 0 0 0 0 2.17805 0 0 2.17805 0 -0.712328 0 -0.152778 -0.718002 0 0.118952 -0.733384 0 0.0796414 -0.828187 0 -0.0379529 0 0 0 0 0 0 0 0 0 0 0 0 0 2.17805 0 0 2.17805 0
325 0 0 0 0 0 0 0 2.17805 0 0 2.17805 0 -0.713183 0 -0.152089 -0.717371 0 0.119667 -0.708981 0 0.0747878 -0.79896 0 -0.0465376 0 0 0 0 0 0 0 0 0 0 0 0 0 2.17805 0 0 2.17805 0
326 0 0 0 0 0 0 0 2.17805 0 0 2.17805 0 -0.714042 0 -0.15137 -0.716721 0 0.120405 -0.683851 0 0.0696667 -0.768744 0 -0.0552699 0 0 0 0 0 0 0 0 0 0 0 0 0 2.17805 0 0 2.17805 0
327 0 0 0 0 0 0 0 2.17805 0 0 2.17805 0 -0.714935 0 -0.150588 -0.716029 0 0.121198 -0.658075 0 0.064319 -0.737629 0 -0.0640833 0 0 0 0 0 0 0 0 0 0 0 0 0 2.17805 0 0 2.17805 0
328 0 0 0 0 0 0 0 2.17805 0 0 2.17805 0 -0.715898 0 -0.149707 -0.715271 0 0.122081 -0.631748 0 0.0587957 -0.705722 0 -0.072901 0 0 0 0 0 0 0 0 0 0 0 0 0 2.17805 0 0 2.17805 0
329 0 0 0 0 0 0 0 2.17805 0 0 2.17805 0 -0.716963 0 -0.14869 -0.714422 0 0.123086 -0.604984 0 0.0531597 -0.673158 0 -0.0816305 0 0 0 0 0 0 0 0 0 0 0 0 0 2.17805 0 0 2.17805 0
330 0 0 0 0 0 0 0 2.17805 0 0 2.17805 0 -0.718158 0 -0.147506 -0.713456 0 0.124242 -0.577922 0 0.0474851 -0.640118 0 -0.0901654 0 0 0 0 0 0 0 0 0 0 0 0 0 2.17805 0 0 2.17805 0
331 0 0 0 0 0 0 0 2.17805 0 0 2.17805 0 -0.719507 0 -0.146121 -0.712351 0 0.125573 -0.550726 0 0.0418522 -0.60683 0 -0.0983919 0 0 0 0 0 0 0 0 0 0 0 0 0 2.17805 0 0 2.17805 0
332 0 0 0 0 0 0 0 2.17805 0 0 2.17805 0 -0.72102 0 -0.14451 -0.711089 0 0.127097 -0.523593 0 0.0363413 -0.573572 0 -0.106201 0 0 0 0 0 0 0 0 0 0 0 0 0 2.17805 0 0 2.17805 0
333 0 0 0 0 0 0 0 2.17805 0 0 2.17805 0 -0.722701 0 -0.142648 -0.709655 0 0.128828 -0.496744 0 0.0310236 -0.540664 0 -0.1135 0 0 0 0 0 0 0 0 0 0 0 0 0 2.17805 0 0 2.17805 0
334 0 0 0 0 0 0 0 2.17805 0 0 2.17805 0 -0.724544 0 -0.140515 -0.70804 0 0.130772 -0.470421 0 0.0259531 -0.50846 0 -0.120229 0 0 0 0 0 0 0 0 0 0 0 0 0 2.17805 0 0 2.17805 0
335 0 0 0 0 0 0 0 2.17805 0 0 2.17805 0 -0.726536 0 -0.138096 -0.706235 0 0.132933 -0.444877 0 0.0211601 -0.477323 0 -0.126364 0 0 0 0 0 0 0 0 0 0 0 0 0 2.17805 0 0 2.17805 0
336 0 0 0 0 0 0 0 2.17805 0 0 2.17805 0 -0.728659 0 -0.13538 -0.704238 0 0.135309 -0.420364 0 0.016647 -0.447608 0 -0.131926 0 0 0 0 0 0 0 0 0 0 0 0 0 2.17805 0 0 2.17805 0
337 0 0 0 0 0 0 0 2.17805 0 0 2.17805 0 -0.730893 0 -0.132361 -0.702045 0 0.137892 -0.397123 0 0.0123893 -0.419648 0 -0.136972 0 0 0 0 0 0 0 0 0 0 0 0 0 2.17805 0 0 2.17805 0
338 0 0 0 0 0 0 0 2.17805 0 0 2.17805 0 -0.733217 0 -0.129035 -0.699656 0 0.140673 -0.375374 0 0.00833978 -0.393737 0 -0.14159 0 0 0 0 0 0 0 0 0 0 0 0 0 2.17805 0 0 2.17805 0
339 0 0 0 0 0 0 0 2.17805 0 0 2.17805 0 -0.735612 0 -0.125402 -0.697066 0 0.14364 -0.355306 0 0.0044381 -0.37012 0 -0.145884 0 0 0 0 0 0 0 0 0 0 0 0 0 2.17805 0 0 2.17805 0
340 0 0 0 0 0 0 0 2.17805 0 0 2.17805 0 -0.73806 0 -0.12146 -0.694272 0 0.146777 -0.337071 0 0.00062278 -0.348995 0 -0.149956 0 0 0 0 0 0 0 0 0 0 0 0 0 2.17805 0 0 2.17805 0
341 0 0 0 0 0 0 0 2.17805 0 0 2.17805 0 -0.740548 0 -0.11721 -0.691263 0 0.150073 -0.320781 0 -0.00315534 -0.330502 0 -0.153892 0 0 0 0 0 0 0 0 0 0 0 0 0 2.17805 0 0 2.17805 0
342 0 0 0 0 0 0 0 2.17805 0 0 2.17805 0 -0.74306 0 -0.112642 -0.688027 0 0.153516 -0.3065 0 -0.00692083 -0.314718 0 -0.157747 0 0 0 0 0 0 0 0 0 0 0 0 0 2.17805 0 0 2.17805 0
343 0 0 0 0 0 0 0 2.17805 0 0 2.17805 0 -0.745586 0 -0.107744 -0.684539 0 0.1571 -0.29424 0 -0.0106654 -0.301658 0 -0.161533 0 0 0 0 0 0 0 0 0 0 0 0 0 2.17805 0 0 2.17805 0
344 0 0 0 0 0 0 0 2.17805 0 0 2.17805 0 -0.748115 0 -0.102488 -0.680772 0 0.160825 -0.283966 0 -0.014346 -0.291259 0 -0.16522 0 0 0 0 0 0 0 0 0 0 0 0 0 2.17805 0 0 2.17805 0
345 0 0 0 0 0 0 0 2.17805 0 0 2.17805 0 -0.750635 0 -0.0968371 -0.676684 0 0.164697 -0.275586 0 -0.0178902 -0.283373 0 -0.168739 0 0 0 0 0 0 0 0 0 0 0 0 0 2.17805 0 0 2.17805 0
346 0 0 0 0 0 0 0 2.17805 0 0 2.17805 0 -0.753131 0 -0.0907438 -0.67223 0 0.168725 -0.268961 0 -0.0212082 -0.27777 0 -0.172001 0 0 0 0 0 0 0 0 0 0 0 0 0 2.17805 0 0 2.17805 0
347 0 0 0 0 0 0 0 2.17805 0 0 2.17805 0 -0.755581 0 -0.0841524 -0.667356 0 0.172918 -0.263906 0 -0.0242101 -0.274142 0 -0.174913 0 0 0 0 0 0 0 0 0 0 0 0 0 2.17805 0 0 2.17805 0
348 0 0 0 0 0 0 0 2.17805 0 0 2.17805 0 -0.757952 0 -0.0770082 -0.662006 0 0.177281 -0.260201 0 -0.0268227 -0.27212 0 -0.177402 0 0 0 0 0 0 0 0 0 0 0 0 0 2.17805 0 0 2.17805 0
349 0 0 0 0 0 0 0 2.17805 0 0 2.17805 0 -0.760192 0 -0.0692682 -0.656131 0 0.18181 -0.25761 0 -0.0290042 -0.271305 0 -0.179432 0 0 0 0 0 0 0 0 0 0 0 0 0 2.17805 0 0 2.17805 0
350 0 0 0 0 0 0 0 2.17805 0 0 2.17805 0 -0.762223 0 -0.0609145 -0.649687 0 0.186481 -0.25589 0 -0.0307507 -0.271306 0 -0.181012 0 0 0 0 0 0 0 0 0 0 0 0 0 2.17805 0 0 2.17805 0
351 0 0 0 0 0 0 0 2.17805 0 0 2.17805 0 -0.763936 0 -0.0519709 -0.642652 0 0.191256 -0.254815 0 -0.0320955 -0.271769 0 -0.182191 0 0 0 0 0 0 0 0 0 0 0 0 0 2.17805 0 0 2.17805 0
352 0 0 0 0 0 0 0 2.17805 0 0 2.17805 0 -0.765187 0 -0.04252 -0.635022 0 0.196072 -0.254187 0 -0.0331005 -0.272409 0 -0.183047 0 0 0 0 0 0 0 0 0 0 0 0 0 2.17805 0 0 2.17805 0
353 0 0 0 0 0 0 0 2.17805 0 0 2.17805 0 -0.7658 0 -0.0327165 -0.626818 0 0.200849 -0.253844 0 -0.0338428 -0.273022 0 -0.18367 0 0 0 0 0 0 0 0 0 0 0 0 0 2.17805 0 0 2.17805 0
354 0 0 0 0 0 0 0 2.17805 0 0 2.17805 0 -0.765577 0 -0.0227935 -0.618086 0 0.205494 -0.253664 0 -0.0344001 -0.273486 0 -0.184144 0 0 0 0 0 0 0 0 0 0 0 0 0 2.17805 0 0 2.17805 0
355 0 0 0 0 0 0 0 2.17805 0 0 2.17805 0 -0.764315 0 -0.0130559 -0.608889 0 0.209905 -0.253565 0 -0.0348389 -0.273753 0 -0.184534 0 0 0 0 0 0 0 0 0 0 0 0 0 2.17805 0 0 2.17805 0
356 0 0 0 0 0 0 0 2.17805 0 0 2.17805 0 -0.761823 0 -0.00385831 -0.599302 0 0.213985 -0.253498 0 -0.0352071 -0.273828 0 -0.184883 0 0 0 0 0 0 0 0 0 0 0 0 0 2.17805 0 0 2.17805 0
357 0 0 0 0 0 0 0 2.17805 0 0 2.17805 0 -0.757941 0 0.0044314 -0.589394 0 0.217647 -0.253437 0 -0.0355324 -0.273753 0 -0.18521 0 0 0 0 0 0 0 0 0 0 0 0 0 2.17805 0 0 2.17805 0
358 0 0 0 0 0 0 0 2.17805 0 0 2.17805 0 -0.752553 0 0.0114768 -0.579222 0 0.220822 -0.253376 0 -0.0358239 -0.273586 0 -0.185516 0 0 0 0 0 0 0 0 0 0 0 0 0 2.17805 0 0 2.17805 0
359 0 0 0 0 0 0 0 2.17805 0 0 2.17805 0 -0.745585 0 0.0170163 -0.568815 0 0.223465 -0.253316 0 -0.0360774 -0.273393 0 -0.185787 0 0 0 0 0 0 0 0 0 0 0 0 0 2.17805 0 0 2.17805 0
360 0 0 0 0 0 0 0 2.17805 0 0 2.17805 0 -0.73701 0 0.0208959 -0.558173 0 0.225557 -0.253266 0 -0.0362809 -0.273234 0 -0.186005 0 0 0 0 0 0 0 0 0 0 0 0 0 2.17805 0 0 2.17805 0
361 0 0 0 0 0 0 0 2.17805 0 0 2.17805 0 -0.726834 0 0.0230856 -0.547265 0 0.227106 -0.253234 0 -0.0364194 -0.273162 0 -0.186149 0 0 0 0 0 0 0 0 0 0 0 0 0 2.17805 0 0 2.17805 0
362 0 0 0 0 0 0 0 2.17805 0 0 2.17805 0 -0.715098 0 0.0236763 -0.536042 0 0.228146 -0.253231 0 -0.0364785 -0.273224 0 -0.1862 0 0 0 0 0 0 0 0 0 0 0 0 0 2.17805 0 0 2.17805 0
363 0 0 0 0 0 0 0 2.17805 0 0 2.17805 0 -0.701872 0 0.0228592 -0.524437 0 0.228736 -0.253263 0 -0.0364464 -0.273454 0 -0.186141 0 0 0 0 0 0 0 0 0 0 0 0 0 2.17805 0 0 2.17805 0
364 0 0 0 0 0 0 0 2.17805 0 0 2.17805 0 -0.687251 0 0.0208934 -0.512384 0 0.228957 -0.253338 0 -0.0363142 -0.27388 0 -0.185961 0 0 0 0 0 0 0 0 0 0 0 0 0 2.17805 0 0 2.17805 0
365 0 0 0 0 0 0 0 2.17805 0 0 2.17805 0 -0.671344 0 0.0180665 -0.499825 0 0.228899 -0.253458 0 -0.0360769 -0.274517 0 -0.185652 0 0 0 0 0 0 0 0 0 0 0 0 0 2.17805 0 0 2.17805 0
366 0 0 0 0 0 0 0 2.17805 0 0 2.17805 0 -0.654268 0 0.0146576 -0.486718 0 0.228658 -0.253626 0 -0.0357329 -0.275372 0 -0.185209 0 0 0 0 0 0 0 0 0 0 0 0 0 2.17805 0 0 2.17805 0
367 0 0 0 0 0 0 0 2.17805 0 0 2.17805 0 -0.636135 0 0.0109083 -0.47304 0 0.228322 -0.253839 0 -0.0352847 -0.276439 0 -0.184634 0 0 0 0 0 0 0 0 0 0 0 0 0 2.17805 0 0 2.17805 0
368 0 0 0 0 0 0 0 2.17805 0 0 2.17805 0 -0.617044 0 0.00700297 -0.458784 0 0.227962 -0.254093 0 -0.0347382 -0.277705 0 -0.183931 0 0 0 0 0 0 0 0 0 0 0 0 0 2.17805 0 0 2.17805 0
369 0 0 0 0 0 0 0 2.17805 0 0 2.17805 0 -0.597068 0 0.00306186 -0.44396 0 0.227621 -0.254383 0 -0.0341032 -0.279142 0 -0.18311 0 0 0 0 0 0 0 0 0 0 0 0 0 2.17805 0 0 2.17805 0
370 0 0 0 0 0 0 0 2.17805 0 0 2.17805 0 -0.576259 0 -0.000857636 -0.428591 0 0.227316 -0.254698 0 -0.0333921 -0.280717 0 -0.182184 0 0 0 0 0 0 0 0 0 0 0 0 0 2.17805 0 0 2.17805 0
371 0 0 0 0 0 0 0 2.17805 0 0 2.17805 0 -0.554645 0 -0.004753 -0.412705 0 0.227027 -0.255031 0 -0.0326189 -0.28239 0 -0.18117 0 0 0 0 0 0 0 0 0 0 0 0 0 2.17805 0 0 2.17805 0
372 0 0 0 0 0 0 0 2.17805 0 0 2.17805 0 -0.532235 0 -0.00866436 -0.396336 0 0.226708 -0.255371 0 -0.0317975 -0.284123 0 -0.180086 0 0 0 0 0 0 0 0 0 0 0 0 0 2.17805 0 0 2.17805 0
373 0 0 0 0 0 0 0 2.17805 0 0 2.17805 0 -0.509025 0 -0.0126601 -0.379519 0 0.22629 -0.255708 0 -0.0309402 -0.285878 0 -0.178947 0 0 0 0 0 0 0 0 0 0 0 0 0 2.17805 0 0 2.17805 0
374 0 0 0 0 0 0 0 2.17805 0 0 2.17805 0 -0.485002 0 -0.0168227 -0.36229 0 0.225686 -0.256035 0 -0.0300564 -0.287623 0 -0.177767 0 0 0 0 0 0 0 0 0 0 0 0 0 2.17805 0 0 2.17805 0
375 0 0 0 0 0 0 0 2.17805 0 0 2.17805 0 -0.460157 0 -0.0212341 -0.344683 0 0.224804 -0.256345 0 -0.0291518 -0.289335 0 -0.176555 0 0 0 0 0 0 0 0 0 0 0 0 0 2.17805 0 0 2.17805 0
376 0 0 0 0 0 0 0 2.17805 0 0 2.17805 0 -0.434484 0 -0.0259631 -0.326733 0 0.223554 -0.256634 0 -0.028228 -0.291005 0 -0.175316 0 0 0 0 0 0 0 0 0 0 0 0 0 2.17805 0 0 2.17805 0
377 0 0 0 0 0 0 0 2.17805 0 0 2.17805 0 -0.407993 0 -0.031056 -0.308473 0 0.221856 -0.2569 0 -0.0272827 -0.292631 0 -0.174046 0 0 0 0 0 0 0 0 0 0 0 0 0 2.17805 0 0 2.17805 0
378 0 0 0 0 0 0 0 2.17805 0 0 2.17805 0 -0.38071 0 -0.0365302 -0.289935 0 0.219651 -0.257145 0 -0.0263096 -0.294223 0 -0.172738 0 0 0 0 0 0 0 0 0 0 0 0 0 2.17805 0 0 2.17805 0
379 0 0 0 0 0 0 0 2.17805 0 0 2.17805 0 -0.352691 0 -0.0423721 -0.271151 0 0.216896 -0.257372 0 -0.0252992 -0.295801 0 -0.171379 0 0 0 0 0 0 0 0 0 0 0 0 0 2.17805 0 0 2.17805 0
380 0 0 0 0 0 0 0 2.17805 0 0 2.17805 0 -0.324016 0 -0.0485392 -0.252159 0 0.213578 -0.257586 0 -0.0242394 -0.297389 0 -0.169951 0 0 0 0 0 0 0 0 0 0 0 0 0 2.17805 0 0 2.17805 0
381 0 0 0 0 0 0 0 2.17805 0 0 2.17805 0 -0.2948 0 -0.0549656 -0.232997 0 0.209703 -0.257793 0 -0.0231156 -0.299015 0 -0.168432 0 0 0 0 0 0 0 0 0 0 0 0 0 2.17805 0 0 2.17805 0
382 0 0 0 0 0 0 0 2.17805 0 0 2.17805 0 -0.265186 0 -0.0615703 -0.213713 0 0.2053 -0.258 0 -0.0219111 -0.300705 0 -0.166799 0 0 0 0 0 0 0 0 0 0 0 0 0 2.17805 0 0 2.17805 0
383 0 0 0 0 0 0 0 2.17805 0 0 2.17805 0 -0.235342 0 -0.0682657 -0.194364 0 0.200416 -0.258212 0 -0.0206067 -0.302487 0 -0.165022 0 0 0 0 0 0 0 0 0 0 0 0 0 2.17805 0 0 2.17805 0
384 0 0 0 0 0 0 0 2.17805 0 0 2.17805 0 -0.205465 0 -0.0749671 -0.175019 0 0.195111 -0.258435 0 -0.0191805 -0.304386 0 -0.163072 0 0 0 0 0 0 0 0 0 0 0 0 0 2.17805 0 0 2.17805 0
385 0 0 0 0 0 0 0 2.17805 0 0 2.17805 0 -0.175767 0 -0.0815993 -0.155758 0 0.189452 -0.25867 0 -0.0176069 -0.306422 0 -0.16091 0 0 0 0 0 0 0 0 0 0 0 0 0 2.17805 0 0 2.17805 0
386 0 0 0 0 0 0 0 2.17805 0 0 2.17805 0 -0.146478 0 -0.0881022 -0.136675 0 0.183509 -0.258917 0 -0.0158566 -0.308615 0 -0.158497 0 0 0 0 0 0 0 0 0 0 0 0 0 2.17805 0 0 2.17805 0
387 0 0 0 0 0 0 0 2.17805 0 0 2.17805 0 -0.117842 0 -0.0944345 -0.117876 0 0.177354 -0.259173 0 -0.0138958 -0.310983 0 -0.155782 0 0 0 0 0 0 0 0 0 0 0 0 0 2.17805 0 0 2.17805 0
388 0 0 0 0 0 0 0 2.17805 0 0 2.17805 0 -0.0901196 0 -0.100575 -0.0994774 0 0.171053 -0.259429 0 -0.0116867 -0.313539 0 -0.152712 0 0 0 0 0 0 0 0 0 0 0 0 0 2.17805 0 0 2.17805 0
389 0 0 0 0 0 0 0 2.17805 0 0 2.17805 0 -0.0635808 0 -0.106519 -0.0816042 0 0.164671 -0.259674 0 -0.0091879 -0.316297 0 -0.149224 0 0 0 0 0 0 0 0 0 0 0 0 0 2.17805 0 0 2.17805 0
390 0 0 0 0 0 0 0 2.17805 0 0 2.17805 0 -0.038507 0 -0.112282 -0.0643884 0 0.158271 -0.259892 0 -0.00635566 -0.319263 0 -0.145249 0 0 0 0 0 0 0 0 0 0 0 0 0 2.17805 0 0 2.17805 0
391 0 0 0 0 0 0 0 2.17805 0 0 2.17805 0 -0.0151815 0 -0.117884 -0.0479664 0 0.15192 -0.260061 0 -0.00314553 -0.322439 0 -0.140714 0 0 0 0 0 0 0 0 0 0 0 0 0 2.17805 0 0 2.17805 0
392 0 0 0 0 0 0 0 2.17805 0 0 2.17805 0 0.00612407 0 -0.123347 -0.0324759 0 0.145686 -0.260154 0 0.000485652 -0.325817 0 -0.135545 0 0 0 0 0 0 0 0 0 0 0 0 0 2.17805 0 0 2.17805 0
393 0 0 0 0 0 0 0 2.17805 0 0 2.17805 0 0.0251675 0 -0.128684 -0.0180508 0 0.139647 -0.260136 0 0.00457748 -0.329379 0 -0.129666 0 0 0 0 0 0 0 0 0 0 0 0 0 2.17805 0 0 2.17805 0
394 0 0 0 0 0 0 0 2.17805 0 0 2.17805 0 0.0417589 0 -0.133883 -0.00481437 0 0.133885 -0.259964 0 0.00916366 -0.333091 0 -0.123005 0 0 0 0 0 0 0 0 0 0 0 0 0 2.17805 0 0 2.17805 0
395 0 0 0 0 0 0 0 2.17805 0 0 2.17805 0 0.0557828 0 -0.138909 0.00712968 0 0.128489 -0.259586 0 0.0142695 -0.336898 0 -0.115496 0 0 0 0 0 0 0 0 0 0 0 0 0 2.17805 0 0 2.17805 0
396 0 0 0 0 0 0 0 2.17805 0 0 2.17805 0 0.0672169 0 -0.143696 0.0177072 0 0.123545 -0.258941 0 0.0199089 -0.340725 0 -0.107085 0 0 0 0 0 0 0 0 0 0 0 0 0 2.17805 0 0 2.17805 0
397 0 0 0 0 0 0 0 2.17805 0 0 2.17805 0 0.0761423 0 -0.148156 0.0268822 0 0.119131 -0.257952 0 0.0260799 -0.344467 0 -0.0977393 0 0 0 0 0 0 0 0 0 0 0 0 0 2.17805 0 0 2.17805 0
398 0 0 0 0 0 0 0 2.17805 0 0 2.17805 0 0.0827422 0 -0.152193 0.0346637 0 0.115309 -0.256528 0 0.0327593 -0.347982 0 -0.0874587 0 0 0 0 0 0 0 0 0 0 0 0 0 2.17805 0 0 2.17805 0
399 0 0 0 0 0 0 0 2.17805 0 0 2.17805 0 0.087287 0 -0.155718 0.0411069 0 0.112119 -0.254561 0 0.039894 -0.351082 0 -0.0762946 0 0 0 0 0 0 0 0 0 0 0 0 0 2.17805 0 0 2.17805 0
400 0 0 0 0 0 0 0 2.17805 0 0 2.17805 0 0.0901091 0 -0.158666 0.0463115 0 0.10957 -0.251924 0 0.047392 -0.353534 0 -0.0643736 0 0 0 0 0 0 0 0 0 0 0 0 0 2.17805 0 0 2.17805 0
401 0 0 0 0 0 0 0 2.17805 0 0 2.17805 0 0.0915699 0 -0.16101 0.0504136 0 0.107644 -0.248472 0 0.0551111 -0.355054 0 -0.0519228 0 0 0 0 0 0 0 0 0 0 0 0 0 2.17805 0 0 2.17805 0
402 0 0 0 0 0 0 0 2.17805 0 0 2.17805 0 0.0920251 0 -0.162764 0.0535745 0 0.106291 -0.244049 0 0.0628528 -0.355329 0 -0.039289 0 0 0 0 0 0 0 0 0 0 0 0 0 2.17805 0 0 2.17805 0
403 0 0 0 0 0 0 0 2.17805 0 0 2.17805 0 0.0917952 0 -0.163979 0.0559672 0 0.105437 -0.238503 0 0.070362 -0.354037 0 -0.026941 0 0 0 0 0 0 0 0 0 0 0 0 0 2.17805 0 0 2.17805 0
404 0 0 0 0 0 0 0 2.17805 0 0 2.17805 0 0.091144 0 -0.164736 0.0577623 0 0.104994 -0.23169 0 0.0773399 -0.350882 0 -0.015446 0 0 0 0 0 0 0 0 0 0 0 0 0 2.17805 0 0 2.17805 0
405 0 0 0 0 0 0 0 2.17805 0 0 2.17805 0 0.0902688 0 -0.165125 0.0591159 0 0.104872 -0.223494 0 0.0834694 -0.345623 0 -0.00541642 0 0 0 0 0 0 0 0 0 0 0 0 0 2.17805 0 0 2.17805 0
406 0 0 0 0 0 0 0 2.17805 0 0 2.17805 0 0.0893012 0 -0.165236 0.0601624 0 0.104986 -0.213827 0 0.0884499 -0.338083 0 0.00256309 0 0 0 0 0 0 0 0 0 0 0 0 0 2.17805 0 0 2.17805 0
407 0 0 0 0 0 0 0 2.17805 0 0 2.17805 0 0.0883154 0 -0.16514 0.0610105 0 0.105273 -0.202626 0 0.0920343 -0.328152 0 0.0080135 0 0 0 0 0 0 0 0 0 0 0 0 0 2.17805 0 0 2.17805 0
408 0 0 0 0 0 0 0 2.17805 0 0 2.17805 0 0.0873421 0 -0.164891 0.0617446 0 0.105689 -0.189844 0 0.0940594 -0.31576 0 0.0106249 0 0 0 0 0 0 0 0 0 0 0 0 0 2.17805 0 0 2.17805 0
409 0 0 0 0 0 0 0 2.17805 0 0 2.17805 0 0.0863829 0 -0.164521 0.0624273 0 0.106209 -0.175443 0 0.0944657 -0.300868 0 0.0102949 0 0 0 0 0 0 0 0 0 0 0 0 0 2.17805 0 0 2.17805 0
410 0 0 0 0 0 0 0 2.17805 0 0 2.17805 0 0.0854234 0 -0.164045 0.0631038 0 0.106825 -0.159395 0 0.0933031 -0.283458 0 0.00713746 0 0 0 0 0 0 0 0 0 0 0 0 0 2.17805 0 0 2.17805 0
411 0 0 0 0 0 0 0 2.17805 0 0 2.17805 0 0.0844437 0 -0.163466 0.0638055 0 0.107538 -0.141684 0 0.090723 -0.26354 0 0.00146272 0 0 0 0 0 0 0 0 0 0 0 0 0 2.17805 0 0 2.17805 0
412 0 0 0 0 0 0 0 2.17805 0 0 2.17805 0 0.0834253 0 -0.162783 0.0645527 0 0.108349 -0.12232 0 0.0869591 -0.241169 0 -0.00626636 0 0 0 0 0 0 0 0 0 0 0 0 0 2.17805 0 0 2.17805 0
413 0 0 0 0 0 0 0 2.17805 0 0 2.17805 0 0.0823545 0 -0.161997 0.0653567 0 0.109259 -0.101347 0 0.0822987 -0.216466 0 -0.0154955 0 0 0 0 0 0 0 0 0 0 0 0 0 2.17805 0 0 2.17805 0
414 0 0 0 0 0 0 0 2.17805 0 0 2.17805 0 0.0812246 0 -0.161111 0.0662214 0 0.110263 -0.0788513 0 0.07705 -0.189619 0 -0.025647 0 0 0 0 0 0 0 0 0 0 0 0 0 2.17805 0 0 2.17805 0
415 0 0 0 0 0 0 0 2.17805 0 0 2.17805 0 0.0800354 0 -0.160133 0.0671446 0 0.111349 -0.0549587 0 0.07151 -0.160876 0 -0.0361823 0 0 0 0 0 0 0 0 0 0 0 0 0 2.17805 0 0 2.17805 0
416 0 0 0 0 0 0 0 2.17805 0 0 2.17805 0 0.0787925 0 -0.159078 0.0681196 0 0.112501 -0.0298258 0 0.0659396 -0.130524 0 -0.0466485 0 0 0 0 0 0 0 0 0 0 0 0 0 2.17805 0 0 2.17805 0
417 0 0 0 0 0 0 0 2.17805 0 0 2.17805 0 0.0775054 0 -0.157959 0.0691368 0 0.1137 -0.00362802 0 0.0605478 -0.0988569 0 -0.0567022 0 0 0 0 0 0 0 0 0 0 0 0 0 2.17805 0 0 2.17805 0
418 0 0 0 0 0 0 0 2.17805 0 0 2.17805 0 0.0761861 0 -0.156795 0.0701852 0 0.114927 0.0234533 0 0.0554859 -0.0661561 0 -0.0661129 0 0 0 0 0 0 0 0 0 0 0 0 0 2.17805 0 0 2.17805 0
419 0 0 0 0 0 0 0 2.17805 0 0 2.17805 0 0.0748477 0 -0.155602 0.0712542 0 0.116163 0.0512401 0 0.0508488 -0.0326696 0 -0.0747508 0 0 0 0 0 0 0 0 0 0 0 0 0 2.17805 0 0 2.17805 0
420 0 0 0 0 0 0 0 2.17805 0 0 2.17805 0 0.0735024 0 -0.154391 0.0723345 0 0.117395 0.0795641 0 0.0466819 0.00139178 0 -0.0825666 0 0 0 0 0 0 0 0 0 0 0 0 0 2.17805 0 0 2.17805 0
421 0 0 0 0 0 0 0 2.17805 0 0 2.17805 0 0.0721605 0 -0.153173 0.0734195 0 0.118613 0.108269 0 0.0429896 0.0358514 0 -0.0895692 0 0 0 0 0 0 0 0 0 0 0 0 0 2.17805 0 0 2.17805 0
422 0 0 0 0 0 0 0 2.17805 0 0 2.17805 0 0.0708288 0 -0.151951 0.0745055 0 0.119812 0.137208 0 0.039744 0.0705578 0 -0.0958061 0 0 0 0 0 0 0 0 0 0 0 0 0 2.17805 0 0 2.17805 0
423 0 0 0 0 0 0 0 2.17805 0 0 2.17805 0 0.0695094 0 -0.150724 0.0755933 0 0.120996 0.166246 0 0.0368934 0.105373 0 -0.101347 0 0 0 0 0 0 0 0 0 0 0 0 0 2.17805 0 0 2.17805 0
424 0 0 0 0 0 0 0 2.17805 0 0 2.17805 0 0.0681989 0 -0.149485 0.0766878 0 0.122171 0.195252 0 0.0343695 0.140161 0 -0.106276 0 0 0 0 0 0 0 0 0 0 0 0 0 2.17805 0 0 2.17805 0
425 0 0 0 0 0 0 0 2.17805 0 0 2.17805 0 0.0668878 0 -0.148217 0.0777989 0 0.123352 0.224095 0 0.0320933 0.174778 0 -0.110679 0 0 0 0 0 0 0 0 0 0 0 0 0 2.17805 0 0 2.17805 0
426 0 0 0 0 0 0 0 2.17805 0 0 2.17805 0 0.065561 0 -0.146902 0.0789412 0 0.124557 0.252645 0 0.0299797 0.209067 0 -0.114647 0 0 0 0 0 0 0 0 0 0 0 0 0 2.17805 0 0 2.17805 0
427 0 0 0 0 0 0 0 2.17805 0 0 2.17805 0 0.0641987 0 -0.145512 0.0801335 0 0.125809 0.280766 0 0.0279421 0.242849 0 -0.118272 0 0 0 0 0 0 0 0 0 0 0 0 0 2.17805 0 0 2.17805 0
428 0 0 0 0 0 0 0 2.17805 0 0 2.17805 0 0.0627786 0 -0.144016 0.0813979 0 0.127134 0.308315 0 0.0258947 0.275931 0 -0.121643 0 0 0 0 0 0 0 0 0 0 0 0 0 2.17805 0 0 2.17805 0
429 0 0 0 0 0 0 0 2.17805 0 0 2.17805 0 0.0612779 0 -0.14238 0.0827591 0 0.128558 0.335138 0 0.023756 0.308099 0 -0.124854 0 0 0 0 0 0 0 0 0 0 0 0 0 2.17805 0 0 2.17805 0
430 0 0 0 0 0 0 0 2.17805 0 0 2.17805 0 0.0596758 0 -0.140568 0.0842422 0 0.130108 0.361072 0 0.0214505 0.33912 0 -0.127996 0 0 0 0 0 0 0 0 0 0 0 0 0 2.17805 0 0 2.17805 0
431 0 0 0 0 0 0 0 2.17805 0 0 2.17805 0 0.0579557 0 -0.138545 0.0858723 0 0.131806 0.385942 0 0.0189113 0.368748 0 -0.131157 0 0 0 0 0 0 0 0 0 0 0 0 0 2.17805 0 0 2.17805 0
432 0 0 0 0 0 0 0 2.17805 0 0 2.17805 0 0.0561066 0 -0.136276 0.0876734 0 0.133673 0.409565 0 0.0160826 0.396726 0 -0.134421 0 0 0 0 0 0 0 0 0 0 0 0 0 2.17805 0 0 2.17805 0
433 0 0 0 0 0 0 0 2.17805 0 0 2.17805 0 0.0541238 0 -0.133731 0.0896681 0 0.135724 0.431749 0 0.0129231 0.422786 0 -0.137861 0 0 0 0 0 0 0 0 0 0 0 0 0 2.17805 0 0 2.17805 0
434 0 0 0 0 0 0 0 2.17805 0 0 2.17805 0 0.0520093 0 -0.130877 0.0918775 0 0.137971 0.452306 0 0.00941043 0.446659 0 -0.141534 0 0 0 0 0 0 0 0 0 0 0 0 0 2.17805 0 0 2.17805 0
435 0 0 0 0 0 0 0 2.17805 0 0 2.17805 0 0.0497708 0 -0.127687 0.0943228 0 0.140425 0.471059 0 0.00554627 0.468087 0 -0.145475 0 0 0 0 0 0 0 0 0 0 0 0 0 2.17805 0 0 2.17805 0
436 0 0 0 0 0 0 0 2.17805 0 0 2.17805 0 0.0474211 0 -0.124133 0.0970261 0 0.14309 0.487853 0 0.00136164 0.486841 0 -0.149685 0 0 0 0 0 0 0 0 0 0 0 0 0 2.17805 0 0 2.17805 0
437 0 0 0 0 0 0 0 2.17805 0 0 2.17805 0 0.0449767 0 -0.120184 0.100013 0 0.145974 0.502574 0 -0.00307885 0.502741 0 -0.154129 0 0 0 0 0 0 0 0 0 0 0 0 0 2.17805 0 0 2.17805 0
438 0 0 0 0 0 0 0 2.17805 0 0 2.17805 0 0.0424571 0 -0.115806 0.103314 0 0.149082 0.515157 0 -0.00767597 0.515681 0 -0.158725 0 0 0 0 0 0 0 0 0 0 0 0 0 2.17805 0 0 2.17805 0
439 0 0 0 0 0 0 0 2.17805 0 0 2.17805 0 0.0398835 0 -0.11096 0.106965 0 0.15242 0.525603 0 -0.0122995 0.525659 0 -0.163349 0 0 0 0 0 0 0 0 0 0 0 0 0 2.17805 0 0 2.17805 0
440 0 0 0 0 0 0 0 2.17805 0 0 2.17805 0 0.0372792 0 -0.1056 0.111013 0 0.155996 0.533987 0 -0.0167979 0.532789 0 -0.167843 0 0 0 0 0 0 0 0 0 0 0 0 0 2.17805 0 0 2.17805 0
441 0 0 0 0 0 0 0 2.17805 0 0 2.17805 0 0.0346698 0 -0.0996732 0.115509 0 0.159815 0.540451 0 -0.0210144 0.537315 0 -0.172032 0 0 0 0 0 0 0 0 0 0 0 0 0 2.17805 0 0 2.17805 0
442 0 0 0 0 0 0 0 2.17805 0 0 2.17805 0 0.0320857 0 -0.093122 0.120512 0 0.163879 0.545208 0 -0.0248063 0.539597 0 -0.175752 0 0 0 0 0 0 0 0 0 0 0 0 0 2.17805 0 0 2.17805 0
443 0 0 0 0 0 0 0 2.17805 0 0 2.17805 0 0.0295658 0 -0.0858863 0.126085 0 0.168186 0.548514 0 -0.0280651 0.540085 0 -0.17888 0 0 0 0 0 0 0 0 0 0 0 0 0 2.17805 0 0 2.17805 0
444 0 0 0 0 0 0 0 2.17805 0 0 2.17805 0 0.0271643 0 -0.0779112 0.132287 0 0.172724 0.550655 0 -0.0307316 0.539277 0 -0.181352 0 0 0 0 0 0 0 0 0 0 0 0 0 2.17805 0 0 2.17805 0
445 0 0 0 0 0 0 0 2.17805 0 0 2.17805 0 0.0249593 0 -0.0691584 0.139172 0 0.177468 0.551917 0 -0.0328026 0.537662 0 -0.183178 0 0 0 0 0 0 0 0 0 0 0 0 0 2.17805 0 0 2.17805 0
446 0 0 0 0 0 0 0 2.17805 0 0 2.17805 0 0.023063 0 -0.0596232 0.146777 0 0.182376 0.552563 0 -0.0343257 0.535673 0 -0.184428 0 0 0 0 0 0 0 0 0 0 0 0 0 2.17805 0 0 2.17805 0
447 0 0 0 0 0 0 0 2.17805 0 0 2.17805 0 0.0216292 0 -0.0493564 0.155121 0 0.18739 0.552815 0 -0.0353859 0.533648 0 -0.185215 0 0 0 0 0 0 0 0 0 0 0 0 0 2.17805 0 0 2.17805 0
448 0 0 0 0 0 0 0 2.17805 0 0 2.17805 0 0.0208563 0 -0.0384891 0.164188 0 0.192433 0.552842 0 -0.0360861 0.531813 0 -0.185665 0 0 0 0 0 0 0 0 0 0 0 0 0 2.17805 0 0 2.17805 0
449 0 0 0 0 0 0 0 2.17805 0 0 2.17805 0 0.0209782 0 -0.0272524 0.173931 0 0.197413 0.552763 0 -0.0365285 0.530286 0 -0.185897 0 0 0 0 0 0 0 0 0 0 0 0 0 2.17805 0 0 2.17805 0
450 0 0 0 0 0 0 0 2.17805 0 0 2.17805 0 0.0222443 0 -0.0159839 0.184269 0 0.202229 0.55265 0 -0.0367997 0.529096 0 -0.186002 0 0 0 0 0 0 0 0 0 0 0 0 0 2.17805 0 0 2.17805 0
451 0 0 0 0 0 0 0 2.17805 0 0 2.17805 0 0.0248921 0 -0.00511254 0.195096 0 0.206782 0.552542 0 -0.036963 0.528206 0 -0.18604 0 0 0 0 0 0 0 0 0 0 0 0 0 2.17805 0 0 2.17805 0
452 0 0 0 0 0 0 0 2.17805 0 0 2.17805 0 0.0291194 0 0.00488163 0.206298 0 0.210981 0.552449 0 -0.0370564 0.527543 0 -0.186039 0 0 0 0 0 0 0 0 0 0 0 0 0 2.17805 0 0 2.17805 0
453 0 0 0 0 0 0 0 2.17805 0 0 2.17805 0 0.0350684 0 0.0135251 0.217767 0 0.214747 0.55237 0 -0.0370957 0.52702 0 -0.186003 0 0 0 0 0 0 0 0 0 0 0 0 0 2.17805 0 0 2.17805 0
454 0 0 0 0 0 0 0 2.17805 0 0 2.17805 0 0.0428227 0 0.0204141 0.229424 0 0.218021 0.552295 0 -0.0370796 0.526551 0 -0.18592 0 0 0 0 0 0 0 0 0 0 0 0 0 2.17805 0 0 2.17805 0
455 0 0 0 0 0 0 0 2.17805 0 0 2.17805 0 0.0524182 0 0.0252668 0.241234 0 0.220759 0.552215 0 -0.0369955 0.526062 0 -0.185764 0 0 0 0 0 0 0 0 0 0 0 0 0 2.17805 0 0 2.17805 0
456 0 0 0 0 0 0 0 2.17805 0 0 2.17805 0 0.0638567 0 0.0279564 0.253206 0 0.222933 0.55212 0 -0.0368246 0.525494 0 -0.185509 0 0 0 0 0 0 0 0 0 0 0 0 0 2.17805 0 0 2.17805 0
457 0 0 0 0 0 0 0 2.17805 0 0 2.17805 0 0.0771161 0 0.028518 0.265391 0 0.224532 0.552004 0 -0.0365453 0.524803 0 -0.185126 0 0 0 0 0 0 0 0 0 0 0 0 0 2.17805 0 0 2.17805 0
458 0 0 0 0 0 0 0 2.17805 0 0 2.17805 0 0.0921525 0 0.0271336 0.277877 0 0.225566 0.551861 0 -0.0361368 0.523955 0 -0.184587 0 0 0 0 0 0 0 0 0 0 0 0 0 2.17805 0 0 2.17805 0
459 0 0 0 0 0 0 0 2.17805 0 0 2.17805 0 0.108897 0 0.0240985 0.29077 0 0.226066 0.55169 0 -0.0355806 0.522931 0 -0.183867 0 0 0 0 0 0 0 0 0 0 0 0 0 2.17805 0 0 2.17805 0
460 0 0 0 0 0 0 0 2.17805 0 0 2.17805 0 0.127253 0 0.0197761 0.304182 0 0.226089 0.55149 0 -0.0348648 0.52172 0 -0.182952 0 0 0 0 0 0 0 0 0 0 0 0 0 2.17805 0 0 2.17805 0
461 0 0 0 0 0 0 0 2.17805 0 0 2.17805 0 0.147097 0 0.0145501 0.318214 0 0.225708 0.551261 0 -0.0339865 0.520326 0 -0.181835 0 0 0 0 0 0 0 0 0 0 0 0 0 2.17805 0 0 2.17805 0
462 0 0 0 0 0 0 0 2.17805 0 0 2.17805 0 0.168288 0 0.00878116 0.332946 0 0.225014 0.551008 0 -0.0329558 0.518767 0 -0.180525 0 0 0 0 0 0 0 0 0 0 0 0 0 2.17805 0 0 2.17805 0
463 0 0 0 0 0 0 0 2.17805 0 0 2.17805 0 0.190678 0 0.00277515 0.34843 0 0.224096 0.550738 0 -0.0317978 0.517073 0 -0.179048 0 0 0 0 0 0 0 0 0 0 0 0 0 2.17805 0 0 2.17805 0
464 0 0 0 0 0 0 0 2.17805 0 0 2.17805 0 0.214127 0 -0.00323592 0.364687 0 0.22304 0.550462 0 -0.030552 0.515291 0 -0.17745 0 0 0 0 0 0 0 0 0 0 0 0 0 2.17805 0 0 2.17805 0
465 0 0 0 0 0 0 0 2.17805 0 0 2.17805 0 0.238513 0 -0.00910126 0.381707 0 0.221906 0.550189 0 -0.0292684 0.513474 0 -0.175788 0 0 0 0 0 0 0 0 0 0 0 0 0 2.17805 0 0 2.17805 0
466 0 0 0 0 0 0 0 2.17805 0 0 2.17805 0 0.263734 0 -0.0147486 0.399449 0 0.22073 0.549933 0 -0.0280006 0.511682 0 -0.174127 0 0 0 0 0 0 0 0 0 0 0 0 0 2.17805 0 0 2.17805 0
467 0 0 0 0 0 0 0 2.17805 0 0 2.17805 0 0.289715 0 -0.020174 0.417851 0 0.219513 0.549701 0 -0.0267987 0.509967 0 -0.172529 0 0 0 0 0 0 0 0 0 0 0 0 0 2.17805 0 0 2.17805 0
468 0 0 0 0 0 0 0 2.17805 0 0 2.17805 0 0.3164 0 -0.0254251 0.436829 0 0.218226 0.549499 0 -0.0257026 0.508373 0 -0.171046 0 0 0 0 0 0 0 0 0 0 0 0 0 2.17805 0 0 2.17805 0
469 0 0 0 0 0 0 0 2.17805 0 0 2.17805 0 0.343753 0 -0.0305828 0.456291 0 0.216812 0.549327 0 -0.0247387 0.506928 0 -0.169716 0 0 0 0 0 0 0 0 0 0 0 0 0 2.17805 0 0 2.17805 0
470 0 0 0 0 0 0 0 2.17805 0 0 2.17805 0 0.371745 0 -0.0357407 0.476143 0 0.215197 0.549181 0 -0.0239181 0.505642 0 -0.168557 0 0 0 0 0 0 0 0 0 0 0 0 0 2.17805 0 0 2.17805 0
471 0 0 0 0 0 0 0 2.17805 0 0 2.17805 0 0.400348 0 -0.0409887 0.496292 0 0.213302 0.549053 0 -0.0232372 0.504506 0 -0.167569 0 0 0 0 0 0 0 0 0 0 0 0 0 2.17805 0 0 2.17805 0
472 0 0 0 0 0 0 0 2.17805 0 0 2.17805 0 0.429525 0 -0.0463992 0.516655 0 0.211045 0.54893 0 -0.0226793 0.503491 0 -0.166733 0 0 0 0 0 0 0 0 0 0 0 0 0 2.17805 0 0 2.17805 0
473 0 0 0 0 0 0 0 2.17805 0 0 2.17805 0 0.459223 0 -0.0520192 0.537157 0 0.208356 0.548803 0 -0.0222166 0.502557 0 -0.166013 0 0 0 0 0 0 0 0 0 0 0 0 0 2.17805 0 0 2.17805 0
474 0 0 0 0 0 0 0 2.17805 0 0 2.17805 0 0.489359 0 -0.0578661 0.557732 0 0.205182 0.548662 0 -0.0218129 0.501654 0 -0.165362 0 0 0 0 0 0 0 0 0 0 0 0 0 2.17805 0 0 2.17805 0
475 0 0 0 0 0 0 0 2.17805 0 0 2.17805 0 0.519824 0 -0.0639283 0.578319 0 0.201491 0.548501 0 -0.0214272 0.500734 0 -0.164726 0 0 0 0 0 0 0 0 0 0 0 0 0 2.17805 0 0 2.17805 0
476 0 0 0 0 0 0 0 2.17805 0 0 2.17805 0 0.550471 0 -0.0701688 0.598861 0 0.197277 0.548319 0 -0.0210162 0.499754 0 -0.164046 0 0 0 0 0 0 0 0 0 0 0 0 0 2.17805 0 0 2.17805 0
477 0 0 0 0 0 0 0 2.17805 0 0 2.17805 0 0.581117 0 -0.0765312 0.619297 0 0.192562 0.548123 0 -0.0205382 0.498683 0 -0.163268 0 0 0 0 0 0 0 0 0 0 0 0 0 2.17805 0 0 2.17805 0
478 0 0 0 0 0 0 0 2.17805 0 0 2.17805 0 0.611549 0 -0.082947 0.639562 0 0.187394 0.547921 0 -0.0199551 0.4975 0 -0.162341 0 0 0 0 0 0 0 0 0 0 0 0 0 2.17805 0 0 2.17805 0
479 0 0 0 0 0 0 0 2.17805 0 0 2.17805 0 0.641519 0 -0.0893436 0.659578 0 0.181844 0.547726 0 -0.0192345 0.4962 0 -0.161224 0 0 0 0 0 0 0 0 0 0 0 0 0 2.17805 0 0 2.17805 0
480 0 0 0 0 0 0 0 2.17805 0 0 2.17805 0 0.670759 0 -0.0956522 0.679257 0 0.176003 0.547552 0 -0.0183497 0.494783 0 -0.159883 0 0 0 0 0 0 0 0 0 0 0 0 0 2.17805 0 0 2.17805 0
481 0 0 0 0 0 0 0 2.17805 0 0 2.17805 0 0.698988 0 -0.101813 0.698497 0 0.169975 0.547408 0 -0.0172795 0.493254 0 -0.158288 0 0 0 0 0 0 0 0 0 0 0 0 0 2.17805 0 0 2.17805 0
482 0 0 0 0 0 0 0 2.17805 0 0 2.17805 0 0.725917 0 -0.107782 0.717182 0 0.163866 0.547303 0 -0.0160063 0.491613 0 -0.156416 0 0 0 0 0 0 0 0 0 0 0 0 0 2.17805 0 0 2.17805 0
483 0 0 0 0 0 0 0 2.17805 0 0 2.17805 0 0.751268 0 -0.113528 0.735189 0 0.157785 0.547241 0 -0.014514 0.48986 0 -0.154241 0 0 0 0 0 0 0 0 0 0 0 0 0 2.17805 0 0 2.17805 0
484 0 0 0 0 0 0 0 2.17805 0 0 2.17805 0 0.774781 0 -0.119036 0.752387 0 0.151828 0.547223 0 -0.0127858 0.487986 0 -0.151736 0 0 0 0 0 0 0 0 0 0 0 0 0 2.17805 0 0 2.17805 0
485 0 0 0 0 0 0 0 2.17805 0 0 2.17805 0 0.796228 0 -0.124302 0.768643 0 0.146083 0.54725 0 -0.0108023 0.485977 0 -0.148866 0 0 0 0 0 0 0 0 0 0 0 0 0 2.17805 0 0 2.17805 0
486 0 0 0 0 0 0 0 2.17805 0 0 2.17805 0 0.815429 0 -0.129327 0.783833 0 0.140618 0.547323 0 -0.00854147 0.483818 0 -0.145593 0 0 0 0 0 0 0 0 0 0 0 0 0 2.17805 0 0 2.17805 0
487 0 0 0 0 0 0 0 2.17805 0 0 2.17805 0 0.832259 0 -0.13411 0.797843 0 0.135491 0.547446 0 -0.00597859 0.481496 0 -0.141871 0 0 0 0 0 0 0 0 0 0 0 0 0 2.17805 0 0 2.17805 0
488 0 0 0 0 0 0 0 2.17805 0 0 2.17805 0 0.846662 0 -0.13864 0.810579 0 0.130742 0.547628 0 -0.00308817 0.479005 0 -0.13765 0 0 0 0 0 0 0 0 0 0 0 0 0 2.17805 0 0 2.17805 0
489 0 0 0 0 0 0 0 2.17805 0 0 2.17805 0 0.858658 0 -0.142898 0.821971 0 0.126403 0.547885 0 0.000153841 0.476351 0 -0.132883 0 0 0 0 0 0 0 0 0 0 0 0 0 2.17805 0 0 2.17805 0
490 0 0 0 0 0 0 0 2.17805 0 0 2.17805 0 0.868343 0 -0.146848 0.831985 0 0.122497 0.548239 0 0.00376738 0.47355 0 -0.127525 0 0 0 0 0 0 0 0 0 0 0 0 0 2.17805 0 0 2.17805 0
491 0 0 0 0 0 0 0 2.17805 0 0 2.17805 0 0.875887 0 -0.150449 0.84062 0 0.119042 0.548719 0 0.00776607 0.470634 0 -0.121535 0 0 0 0 0 0 0 0 0 0 0 0 0 2.17805 0 0 2.17805 0
492 0 0 0 0 0 0 0 2.17805 0 0 2.17805 0 0.881514 0 -0.153653 0.847915 0 0.11605 0.549358 0 0.0121556 0.467647 0 -0.114886 0 0 0 0 0 0 0 0 0 0 0 0 0 2.17805 0 0 2.17805 0
493 0 0 0 0 0 0 0 2.17805 0 0 2.17805 0 0.885491 0 -0.156419 0.853949 0 0.113533 0.550196 0 0.0169329 0.464647 0 -0.107556 0 0 0 0 0 0 0 0 0 0 0 0 0 2.17805 0 0 2.17805 0
494 0 0 0 0 0 0 0 2.17805 0 0 2.17805 0 0.8881 0 -0.158716 0.858836 0 0.111492 0.551275 0 0.0220862 0.461705 0 -0.0995413 0 0 0 0 0 0 0 0 0 0 0 0 0 2.17805 0 0 2.17805 0
495 0 0 0 0 0 0 0 2.17805 0 0 2.17805 0 0.889621 0 -0.160533 0.862719 0 0.10992 0.552645 0 0.0275938 0.458907 0 -0.0908516 0 0 0 0 0 0 0 0 0 0 0 0 0 2.17805 0 0 2.17805 0
496 0 0 0 0 0 0 0 2.17805 0 0 2.17805 0 0.890312 0 -0.161881 0.865758 0 0.108796 0.554364 0 0.0334222 0.456366 0 -0.0815235 0 0 0 0 0 0 0 0 0 0 0 0 0 2.17805 0 0 2.17805 0
497 0 0 0 0 0 0 0 2.17805 0 0 2.17805 0 0.890399 0 -0.162793 0.868126 0 0.108081 0.556502 0 0.0395211 0.454224 0 -0.071633 0 0 0 0 0 0 0 0 0 0 0 0 0 2.17805 0 0 2.17805 0
498 0 0 0 0 0 0 0 2.17805 0 0 2.17805 0 0.890068 0 -0.163321 0.869992 0 0.107724 0.559145 0 0.0458153 0.452659 0 -0.0613146 0 0 0 0 0 0 0 0 0 0 0 0 0 2.17805 0 0 2.17805 0
499 0 0 0 0 0 0 0 2.17805 0 0 2.17805 0 0.889464 0 -0.163529 0.871513 0 0.107666 0.562393 0 0.0521966 0.451887 0 -0.0507811 0 0 0 0 0 0 0 0 0 0 0 0 0 2.17805 0 0 2.17805 0
500 0 0 0 0 0 0 0 2.17805 0 0 2.17805 0 0.888693 0 -0.163479 0.872833 0 0.107846 0.566357 0 0.0585169 0.452146 0 -0.0403361 0 0 0 0 0 0 0 0 0 0 0 0 0 2.17805 0 0 2.17805 0
501 0 0 0 0 0 0 0 2.17805 0 0 2.17805 0 0.887829 0 -0.163228 0.874073 0 0.108212 0.571152 0 0.0645905 0.453683 0 -0.030368 0 0 0 0 0 0 0 0 0 0 0 0 0 2.17805 0 0 2.17805 0
502 0 0 0 0 0 0 0 2.17805 0 0 2.17805 0 0.886917 0 -0.162819 0.875336 0 0.108722 0.576886 0 0.0702048 0.456724 0 -0.0213216 0 0 0 0 0 0 0 0 0 0 0 0 0 2.17805 0 0 2.17805 0
503 0 0 0 0 0 0 0 2.17805 0 0 2.17805 0 0.88598 0 -0.162277 0.876704 0 0.109353 0.583654 0 0.0751429 0.461455 0 -0.0136461 0 0 0 0 0 0 0 0 0 0 0 0 0 2.17805 0 0 2.17805 0
504 0 0 0 0 0 0 0 2.17805 0 0 2.17805 0 0.885027 0 -0.161612 0.87824 0 0.110091 0.591536 0 0.0792106 0.468017 0 -0.00773213 0 0 0 0 0 0 0 0 0 0 0 0 0 2.17805 0 0 2.17805 0
505 0 0 0 0 0 0 0 2.17805 0 0 2.17805 0 0.884061 0 -0.160825 0.879985 0 0.110933 0.600601 0 0.0822622 0.476504 0 -0.0038554 0 0 0 0 0 0 0 0 0 0 0 0 0 2.17805 0 0 2.17805 0
506 0 0 0 0 0 0 0 2.17805 0 0 2.17805 0 0.883083 0 -0.159909 0.88196 0 0.111877 0.610907 0 0.0842188 0.486977 0 -0.00213814 0 0 0 0 0 0 0 0 0 0 0 0 0 2.17805 0 0 2.17805 0
507 0 0 0 0 0 0 0 2.17805 0 0 2.17805 0 0.882093 0 -0.158859 0.884164 0 0.112921 0.622508 0 0.085076 0.499465 0 -0.00253855 0 0 0 0 0 0 0 0 0 0 0 0 0 2.17805 0 0 2.17805 0
508 0 0 0 0 0 0 0 2.17805 0 0 2.17805 0 0.881098 0 -0.157677 0.886581 0 0.114057 0.635448 0 0.0849004 0.513965 0 -0.00486509 0 0 0 0 0 0 0 0 0 0 0 0 0 2.17805 0 0 2.17805 0
509 0 0 0 0 0 0 0 2.17805 0 0 2.17805 0 0.880112 0 -0.156368 0.889181 0 0.115269 0.649754 0 0.0838178 0.530438 0 -0.00881031 0 0 0 0 0 0 0 0 0 0 0 0 0 2.17805 0 0 2.17805 0
