215 0 0 0 0 0 0 0 2.17805 0 0 2.17805 0 -0.831303 0 -0.0861016 -0.779135 0 0.180633 -0.93564 0 -0.0154922 -0.979745 0 -0.15996 0 0 0 0 0 0 0 0 0 0 0 0 0 2.17805 0 0 2.17805 0
216 0 0 0 0 0 0 0 2.17805 0 0 2.17805 0 -0.813424 0 -0.0917306 -0.767167 0 0.176093 -0.935807 0 -0.0136621 -0.981641 0 -0.15759 0 0 0 0 0 0 0 0 0 0 0 0 0 2.17805 0 0 2.17805 0
217 0 0 0 0 0 0 0 2.17805 0 0 2.17805 0 -0.795937 0 -0.0974076 -0.755292 0 0.171324 -0.936012 0 -0.011641 -0.983746 0 -0.15495 0 0 0 0 0 0 0 0 0 0 0 0 0 2.17805 0 0 2.17805 0
218 0 0 0 0 0 0 0 2.17805 0 0 2.17805 0 -0.778956 0 -0.103108 -0.743586 0 0.166369 -0.936252 0 -0.00938654 -0.986089 0 -0.151978 0 0 0 0 0 0 0 0 0 0 0 0 0 2.17805 0 0 2.17805 0
219 0 0 0 0 0 0 0 2.17805 0 0 2.17805 0 -0.762618 0 -0.108782 -0.732153 0 0.161293 -0.936513 0 -0.00685186 -0.988685 0 -0.148606 0 0 0 0 0 0 0 0 0 0 0 0 0 2.17805 0 0 2.17805 0
220 0 0 0 0 0 0 0 2.17805 0 0 2.17805 0 -0.747087 0 -0.114356 -0.721124 0 0.15619 -0.93677 0 -0.00398685 -0.991534 0 -0.14476 0 0 0 0 0 0 0 0 0 0 0 0 0 2.17805 0 0 2.17805 0
221 0 0 0 0 0 0 0 2.17805 0 0 2.17805 0 -0.732547 0 -0.119726 -0.710648 0 0.151179 -0.936991 0 -0.000739709 -0.994623 0 -0.140363 0 0 0 0 0 0 0 0 0 0 0 0 0 2.17805 0 0 2.17805 0
222 0 0 0 0 0 0 0 2.17805 0 0 2.17805 0 -0.719194 0 -0.124773 -0.700878 0 0.146397 -0.937137 0 0.0029406 -0.997929 0 -0.135336 0 0 0 0 0 0 0 0 0 0 0 0 0 2.17805 0 0 2.17805 0
223 0 0 0 0 0 0 0 2.17805 0 0 2.17805 0 -0.707217 0 -0.129372 -0.691953 0 0.141987 -0.93716 0 0.00710108 -1.00142 0 -0.129598 0 0 0 0 0 0 0 0 0 0 0 0 0 2.17805 0 0 2.17805 0
224 0 0 0 0 0 0 0 2.17805 0 0 2.17805 0 -0.696776 0 -0.133407 -0.683983 0 0.13808 -0.937013 0 0.0117806 -1.00506 0 -0.123074 0 0 0 0 0 0 0 0 0 0 0 0 0 2.17805 0 0 2.17805 0
225 0 0 0 0 0 0 0 2.17805 0 0 2.17805 0 -0.687977 0 -0.136786 -0.677027 0 0.134782 -0.936643 0 0.0170049 -1.00879 0 -0.115702 0 0 0 0 0 0 0 0 0 0 0 0 0 2.17805 0 0 2.17805 0
226 0 0 0 0 0 0 0 2.17805 0 0 2.17805 0 -0.680858 0 -0.139452 -0.671089 0 0.13216 -0.935996 0 0.022782 -1.01255 0 -0.107434 0 0 0 0 0 0 0 0 0 0 0 0 0 2.17805 0 0 2.17805 0
227 0 0 0 0 0 0 0 2.17805 0 0 2.17805 0 -0.675377 0 -0.141392 -0.666118 0 0.130238 -0.935015 0 0.0290976 -1.01624 0 -0.0982534 0 0 0 0 0 0 0 0 0 0 0 0 0 2.17805 0 0 2.17805 0
228 0 0 0 0 0 0 0 2.17805 0 0 2.17805 0 -0.671412 0 -0.142635 -0.662016 0 0.128991 -0.933641 0 0.0359116 -1.01976 0 -0.0881803 0 0 0 0 0 0 0 0 0 0 0 0 0 2.17805 0 0 2.17805 0
229 0 0 0 0 0 0 0 2.17805 0 0 2.17805 0 -0.668772 0 -0.143248 -0.658653 0 0.128352 -0.931812 0 0.0431549 -1.02297 0 -0.0772864 0 0 0 0 0 0 0 0 0 0 0 0 0 2.17805 0 0 2.17805 0
230 0 0 0 0 0 0 0 2.17805 0 0 2.17805 0 -0.667222 0 -0.14333 -0.655888 0 0.128222 -0.929461 0 0.0507262 -1.02569 0 -0.0657072 0 0 0 0 0 0 0 0 0 0 0 0 0 2.17805 0 0 2.17805 0
231 0 0 0 0 0 0 0 2.17805 0 0 2.17805 0 -0.666511 0 -0.142997 -0.653585 0 0.128484 -0.926519 0 0.0584894 -1.02771 0 -0.053655 0 0 0 0 0 0 0 0 0 0 0 0 0 2.17805 0 0 2.17805 0
232 0 0 0 0 0 0 0 2.17805 0 0 2.17805 0 -0.666393 0 -0.142366 -0.651626 0 0.12902 -0.922918 0 0.0662732 -1.02883 0 -0.041425 0 0 0 0 0 0 0 0 0 0 0 0 0 2.17805 0 0 2.17805 0
233 0 0 0 0 0 0 0 2.17805 0 0 2.17805 0 -0.666658 0 -0.141547 -0.649916 0 0.129725 -0.918595 0 0.073875 -1.02883 0 -0.0293899 0 0 0 0 0 0 0 0 0 0 0 0 0 2.17805 0 0 2.17805 0
234 0 0 0 0 0 0 0 2.17805 0 0 2.17805 0 -0.667141 0 -0.140624 -0.648385 0 0.130517 -0.913499 0 0.0810713 -1.02754 0 -0.0179778 0 0 0 0 0 0 0 0 0 0 0 0 0 2.17805 0 0 2.17805 0
235 0 0 0 0 0 0 0 2.17805 0 0 2.17805 0 -0.667725 0 -0.139658 -0.646981 0 0.131338 -0.907593 0 0.0876349 -1.02481 0 -0.00763565 0 0 0 0 0 0 0 0 0 0 0 0 0 2.17805 0 0 2.17805 0
236 0 0 0 0 0 0 0 2.17805 0 0 2.17805 0 -0.668338 0 -0.138685 -0.645671 0 0.132156 -0.900853 0 0.093355 -1.02055 0 0.00121857 0 0 0 0 0 0 0 0 0 0 0 0 0 2.17805 0 0 2.17805 0
237 0 0 0 0 0 0 0 2.17805 0 0 2.17805 0 -0.668945 0 -0.137721 -0.644429 0 0.132959 -0.893264 0 0.0980579 -1.01471 0 0.00824192 0 0 0 0 0 0 0 0 0 0 0 0 0 2.17805 0 0 2.17805 0
238 0 0 0 0 0 0 0 2.17805 0 0 2.17805 0 -0.669531 0 -0.136768 -0.643237 0 0.133746 -0.884813 0 0.101623 -1.00728 0 0.0132031 0 0 0 0 0 0 0 0 0 0 0 0 0 2.17805 0 0 2.17805 0
239 0 0 0 0 0 0 0 2.17805 0 0 2.17805 0 -0.670098 0 -0.13582 -0.642083 0 0.134521 -0.87548 0 0.103994 -0.998255 0 0.0160027 0 0 0 0 0 0 0 0 0 0 0 0 0 2.17805 0 0 2.17805 0
240 0 0 0 0 0 0 0 2.17805 0 0 2.17805 0 -0.670652 0 -0.134869 -0.640955 0 0.135292 -0.865239 0 0.105177 -0.987648 0 0.0166769 0 0 0 0 0 0 0 0 0 0 0 0 0 2.17805 0 0 2.17805 0
241 0 0 0 0 0 0 0 2.17805 0 0 2.17805 0 -0.671201 0 -0.133909 -0.639847 0 0.136065 -0.854061 0 0.105243 -0.975476 0 0.0153858 0 0 0 0 0 0 0 0 0 0 0 0 0 2.17805 0 0 2.17805 0
242 0 0 0 0 0 0 0 2.17805 0 0 2.17805 0 -0.67175 0 -0.132938 -0.638754 0 0.13684 -0.841917 0 0.104314 -0.961775 0 0.0123892 0 0 0 0 0 0 0 0 0 0 0 0 0 2.17805 0 0 2.17805 0
243 0 0 0 0 0 0 0 2.17805 0 0 2.17805 0 -0.672302 0 -0.131957 -0.637675 0 0.137616 -0.828791 0 0.102549 -0.946601 0 0.00801464 0 0 0 0 0 0 0 0 0 0 0 0 0 2.17805 0 0 2.17805 0
244 0 0 0 0 0 0 0 2.17805 0 0 2.17805 0 -0.672857 0 -0.130969 -0.636607 0 0.138391 -0.814682 0 0.100132 -0.930041 0 0.00262025 0 0 0 0 0 0 0 0 0 0 0 0 0 2.17805 0 0 2.17805 0
245 0 0 0 0 0 0 0 2.17805 0 0 2.17805 0 -0.673413 0 -0.129983 -0.635553 0 0.139156 -0.799614 0 0.0972481 -0.912209 0 -0.00344151 0 0 0 0 0 0 0 0 0 0 0 0 0 2.17805 0 0 2.17805 0
246 0 0 0 0 0 0 0 2.17805 0 0 2.17805 0 -0.673967 0 -0.129006 -0.634514 0 0.139904 -0.783627 0 0.0940728 -0.89324 0 -0.00985551 0 0 0 0 0 0 0 0 0 0 0 0 0 2.17805 0 0 2.17805 0
247 0 0 0 0 0 0 0 2.17805 0 0 2.17805 0 -0.674514 0 -0.128049 -0.633491 0 0.140625 -0.766783 0 0.0907562 -0.873278 0 -0.0163655 0 0 0 0 0 0 0 0 0 0 0 0 0 2.17805 0 0 2.17805 0
248 0 0 0 0 0 0 0 2.17805 0 0 2.17805 0 -0.675051 0 -0.127122 -0.632486 0 0.141313 -0.749154 0 0.0874157 -0.852458 0 -0.0227856 0 0 0 0 0 0 0 0 0 0 0 0 0 2.17805 0 0 2.17805 0
249 0 0 0 0 0 0 0 2.17805 0 0 2.17805 0 -0.675576 0 -0.126232 -0.631501 0 0.141959 -0.730815 0 0.0841335 -0.8309 0 -0.0289999 0 0 0 0 0 0 0 0 0 0 0 0 0 2.17805 0 0 2.17805 0
250 0 0 0 0 0 0 0 2.17805 0 0 2.17805 0 -0.676086 0 -0.125384 -0.630536 0 0.14256 -0.711846 0 0.0809577 -0.808699 0 -0.0349544 0 0 0 0 0 0 0 0 0 0 0 0 0 2.17805 0 0 2.17805 0
251 0 0 0 0 0 0 0 2.17805 0 0 2.17805 0 -0.676584 0 -0.124582 -0.629591 0 0.143113 -0.692325 0 0.0779072 -0.78593 0 -0.0406431 0 0 0 0 0 0 0 0 0 0 0 0 0 2.17805 0 0 2.17805 0
252 0 0 0 0 0 0 0 2.17805 0 0 2.17805 0 -0.677072 0 -0.123822 -0.628664 0 0.14362 -0.672326 0 0.0749775 -0.762648 0 -0.0460926 0 0 0 0 0 0 0 0 0 0 0 0 0 2.17805 0 0 2.17805 0
253 0 0 0 0 0 0 0 2.17805 0 0 2.17805 0 -0.677553 0 -0.123101 -0.627752 0 0.144086 -0.651924 0 0.0721475 -0.738901 0 -0.0513479 0 0 0 0 0 0 0 0 0 0 0 0 0 2.17805 0 0 2.17805 0
254 0 0 0 0 0 0 0 2.17805 0 0 2.17805 0 -0.67803 0 -0.122409 -0.62685 0 0.144517 -0.631191 0 0.0693847 -0.714731 0 -0.056461 0 0 0 0 0 0 0 0 0 0 0 0 0 2.17805 0 0 2.17805 0
255 0 0 0 0 0 0 0 2.17805 0 0 2.17805 0 -0.678507 0 -0.121737 -0.625954 0 0.144922 -0.610199 0 0.0666501 -0.690187 0 -0.0614825 0 0 0 0 0 0 0 0 0 0 0 0 0 2.17805 0 0 2.17805 0
256 0 0 0 0 0 0 0 2.17805 0 0 2.17805 0 -0.678983 0 -0.121072 -0.625057 0 0.145313 -0.589019 0 0.0639016 -0.665327 0 -0.0664565 0 0 0 0 0 0 0 0 0 0 0 0 0 2.17805 0 0 2.17805 0
257 0 0 0 0 0 0 0 2.17805 0 0 2.17805 0 -0.679456 0 -0.120401 -0.624151 0 0.145701 -0.567724 0 0.0610964 -0.640221 0 -0.0714189 0 0 0 0 0 0 0 0 0 0 0 0 0 2.17805 0 0 2.17805 0
258 0 0 0 0 0 0 0 2.17805 0 0 2.17805 0 -0.679924 0 -0.119712 -0.623229 0 0.146097 -0.546387 0 0.0581927 -0.614956 0 -0.076397 0 0 0 0 0 0 0 0 0 0 0 0 0 2.17805 0 0 2.17805 0
259 0 0 0 0 0 0 0 2.17805 0 0 2.17805 0 -0.680382 0 -0.118991 -0.622283 0 0.146515 -0.525082 0 0.0551502 -0.589635 0 -0.0814115 0 0 0 0 0 0 0 0 0 0 0 0 0 2.17805 0 0 2.17805 0
260 0 0 0 0 0 0 0 2.17805 0 0 2.17805 0 -0.680829 0 -0.118223 -0.621303 0 0.146967 -0.503887 0 0.0519314 -0.564374 0 -0.086479 0 0 0 0 0 0 0 0 0 0 0 0 0 2.17805 0 0 2.17805 0
261 0 0 0 0 0 0 0 2.17805 0 0 2.17805 0 -0.681266 0 -0.117392 -0.62028 0 0.147466 -0.482882 0 0.0485008 -0.539306 0 -0.091615 0 0 0 0 0 0 0 0 0 0 0 0 0 2.17805 0 0 2.17805 0
262 0 0 0 0 0 0 0 2.17805 0 0 2.17805 0 -0.681701 0 -0.116478 -0.619203 0 0.148027 -0.462153 0 0.0448259 -0.514572 0 -0.0968367 0 0 0 0 0 0 0 0 0 0 0 0 0 2.17805 0 0 2.17805 0
263 0 0 0 0 0 0 0 2.17805 0 0 2.17805 0 -0.68215 0 -0.115459 -0.618061 0 0.148665 -0.441788 0 0.040878 -0.490318 0 -0.102164 0 0 0 0 0 0 0 0 0 0 0 0 0 2.17805 0 0 2.17805 0
264 0 0 0 0 0 0 0 2.17805 0 0 2.17805 0 -0.682635 0 -0.114307 -0.616839 0 0.149397 -0.421883 0 0.0366344 -0.466693 0 -0.107616 0 0 0 0 0 0 0 0 0 0 0 0 0 2.17805 0 0 2.17805 0
265 0 0 0 0 0 0 0 2.17805 0 0 2.17805 0 -0.683184 0 -0.112991 -0.615524 0 0.150241 -0.402543 0 0.0320817 -0.443849 0 -0.113211 0 0 0 0 0 0 0 0 0 0 0 0 0 2.17805 0 0 2.17805 0
266 0 0 0 0 0 0 0 2.17805 0 0 2.17805 0 -0.683828 0 -0.11148 -0.614098 0 0.151211 -0.383882 0 0.0272204 -0.421937 0 -0.118957 0 0 0 0 0 0 0 0 0 0 0 0 0 2.17805 0 0 2.17805 0
267 0 0 0 0 0 0 0 2.17805 0 0 2.17805 0 -0.684593 0 -0.109744 -0.612546 0 0.152321 -0.366027 0 0.0220712 -0.401119 0 -0.124846 0 0 0 0 0 0 0 0 0 0 0 0 0 2.17805 0 0 2.17805 0
268 0 0 0 0 0 0 0 2.17805 0 0 2.17805 0 -0.685501 0 -0.107752 -0.610849 0 0.153583 -0.349118 0 0.0166797 -0.381563 0 -0.130844 0 0 0 0 0 0 0 0 0 0 0 0 0 2.17805 0 0 2.17805 0
269 0 0 0 0 0 0 0 2.17805 0 0 2.17805 0 -0.686566 0 -0.105479 -0.608991 0 0.155003 -0.333307 0 0.0111202 -0.363449 0 -0.136892 0 0 0 0 0 0 0 0 0 0 0 0 0 2.17805 0 0 2.17805 0
270 0 0 0 0 0 0 0 2.17805 0 0 2.17805 0 -0.687792 0 -0.102901 -0.606953 0 0.156587 -0.318751 0 0.00549534 -0.346961 0 -0.142897 0 0 0 0 0 0 0 0 0 0 0 0 0 2.17805 0 0 2.17805 0
271 0 0 0 0 0 0 0 2.17805 0 0 2.17805 0 -0.689171 0 -0.0999953 -0.604716 0 0.158338 -0.305602 0 -6.80401e-05 -0.332274 0 -0.148744 0 0 0 0 0 0 0 0 0 0 0 0 0 2.17805 0 0 2.17805 0
272 0 0 0 0 0 0 0 2.17805 0 0 2.17805 0 -0.690693 0 -0.0967375 -0.602256 0 0.16026 -0.293986 0 -0.00542862 -0.319539 0 -0.154301 0 0 0 0 0 0 0 0 0 0 0 0 0 2.17805 0 0 2.17805 0
273 0 0 0 0 0 0 0 2.17805 0 0 2.17805 0 -0.692339 0 -0.0931 -0.599547 0 0.162357 -0.283991 0 -0.0104434 -0.308853 0 -0.159433 0 0 0 0 0 0 0 0 0 0 0 0 0 2.17805 0 0 2.17805 0
274 0 0 0 0 0 0 0 2.17805 0 0 2.17805 0 -0.694088 0 -0.0890497 -0.596555 0 0.164636 -0.275651 0 -0.0149824 -0.300239 0 -0.164018 0 0 0 0 0 0 0 0 0 0 0 0 0 2.17805 0 0 2.17805 0
275 0 0 0 0 0 0 0 2.17805 0 0 2.17805 0 -0.695919 0 -0.0845478 -0.593242 0 0.1671 -0.26893 0 -0.0189425 -0.293634 0 -0.167959 0 0 0 0 0 0 0 0 0 0 0 0 0 2.17805 0 0 2.17805 0
276 0 0 0 0 0 0 0 2.17805 0 0 2.17805 0 -0.697806 0 -0.0795503 -0.589562 0 0.169753 -0.263728 0 -0.0222586 -0.288882 0 -0.1712 0 0 0 0 0 0 0 0 0 0 0 0 0 2.17805 0 0 2.17805 0
277 0 0 0 0 0 0 0 2.17805 0 0 2.17805 0 -0.699723 0 -0.0740077 -0.585463 0 0.172596 -0.259883 0 -0.0249113 -0.285742 0 -0.173731 0 0 0 0 0 0 0 0 0 0 0 0 0 2.17805 0 0 2.17805 0
278 0 0 0 0 0 0 0 2.17805 0 0 2.17805 0 -0.701638 0 -0.0678671 -0.58089 0 0.175625 -0.257188 0 -0.0269289 -0.283916 0 -0.175595 0 0 0 0 0 0 0 0 0 0 0 0 0 2.17805 0 0 2.17805 0
279 0 0 0 0 0 0 0 2.17805 0 0 2.17805 0 -0.70351 0 -0.061074 -0.575782 0 0.178831 -0.255412 0 -0.0283831 -0.283074 0 -0.176879 0 0 0 0 0 0 0 0 0 0 0 0 0 2.17805 0 0 2.17805 0
280 0 0 0 0 0 0 0 2.17805 0 0 2.17805 0 -0.705284 0 -0.0535778 -0.570084 0 0.182197 -0.254326 0 -0.0293779 -0.282894 0 -0.177702 0 0 0 0 0 0 0 0 0 0 0 0 0 2.17805 0 0 2.17805 0
281 0 0 0 0 0 0 0 2.17805 0 0 2.17805 0 -0.706886 0 -0.0453419 -0.563748 0 0.1857 -0.253719 0 -0.0300337 -0.283087 0 -0.178201 0 0 0 0 0 0 0 0 0 0 0 0 0 2.17805 0 0 2.17805 0
282 0 0 0 0 0 0 0 2.17805 0 0 2.17805 0 -0.708218 0 -0.0363591 -0.556744 0 0.189305 -0.253416 0 -0.0304696 -0.283421 0 -0.17851 0 0 0 0 0 0 0 0 0 0 0 0 0 2.17805 0 0 2.17805 0
283 0 0 0 0 0 0 0 2.17805 0 0 2.17805 0 -0.709153 0 -0.026672 -0.54907 0 0.19297 -0.253283 0 -0.0307872 -0.283731 0 -0.178737 0 0 0 0 0 0 0 0 0 0 0 0 0 2.17805 0 0 2.17805 0
284 0 0 0 0 0 0 0 2.17805 0 0 2.17805 0 -0.709536 0 -0.0163963 -0.540764 0 0.196642 -0.253227 0 -0.0310621 -0.283919 0 -0.178961 0 0 0 0 0 0 0 0 0 0 0 0 0 2.17805 0 0 2.17805 0
285 0 0 0 0 0 0 0 2.17805 0 0 2.17805 0 -0.709197 0 -0.00573909 -0.531906 0 0.200263 -0.253192 0 -0.0313404 -0.283942 0 -0.179227 0 0 0 0 0 0 0 0 0 0 0 0 0 2.17805 0 0 2.17805 0
286 0 0 0 0 0 0 0 2.17805 0 0 2.17805 0 -0.707964 0 0.00499404 -0.522615 0 0.203777 -0.253147 0 -0.0316422 -0.283803 0 -0.179549 0 0 0 0 0 0 0 0 0 0 0 0 0 2.17805 0 0 2.17805 0
287 0 0 0 0 0 0 0 2.17805 0 0 2.17805 0 -0.705689 0 0.0154129 -0.513046 0 0.207136 -0.253083 0 -0.0319685 -0.283528 0 -0.179918 0 0 0 0 0 0 0 0 0 0 0 0 0 2.17805 0 0 2.17805 0
288 0 0 0 0 0 0 0 2.17805 0 0 2.17805 0 -0.702266 0 0.0250787 -0.503366 0 0.210301 -0.252999 0 -0.0323088 -0.28316 0 -0.180317 0 0 0 0 0 0 0 0 0 0 0 0 0 2.17805 0 0 2.17805 0
289 0 0 0 0 0 0 0 2.17805 0 0 2.17805 0 -0.697641 0 0.033558 -0.493732 0 0.213252 -0.252903 0 -0.0326476 -0.282743 0 -0.180721 0 0 0 0 0 0 0 0 0 0 0 0 0 2.17805 0 0 2.17805 0
290 0 0 0 0 0 0 0 2.17805 0 0 2.17805 0 -0.691806 0 0.0404818 -0.484271 0 0.215975 -0.252802 0 -0.0329683 -0.28232 0 -0.181106 0 0 0 0 0 0 0 0 0 0 0 0 0 2.17805 0 0 2.17805 0
291 0 0 0 0 0 0 0 2.17805 0 0 2.17805 0 -0.684785 0 0.0455961 -0.475057 0 0.218463 -0.252704 0 -0.0332557 -0.281928 0 -0.181452 0 0 0 0 0 0 0 0 0 0 0 0 0 2.17805 0 0 2.17805 0
292 0 0 0 0 0 0 0 2.17805 0 0 2.17805 0 -0.676614 0 0.0487918 -0.466106 0 0.220709 -0.252618 0 -0.0334956 -0.281599 0 -0.181739 0 0 0 0 0 0 0 0 0 0 0 0 0 2.17805 0 0 2.17805 0
293 0 0 0 0 0 0 0 2.17805 0 0 2.17805 0 -0.66733 0 0.050111 -0.457372 0 0.2227 -0.25255 0 -0.0336748 -0.281363 0 -0.181951 0 0 0 0 0 0 0 0 0 0 0 0 0 2.17805 0 0 2.17805 0
294 0 0 0 0 0 0 0 2.17805 0 0 2.17805 0 -0.65697 0 0.0497307 -0.448759 0 0.224423 -0.252504 0 -0.0337804 -0.281242 0 -0.182071 0 0 0 0 0 0 0 0 0 0 0 0 0 2.17805 0 0 2.17805 0
295 0 0 0 0 0 0 0 2.17805 0 0 2.17805 0 -0.645576 0 0.0479287 -0.440133 0 0.225867 -0.252486 0 -0.0338006 -0.28126 0 -0.182085 0 0 0 0 0 0 0 0 0 0 0 0 0 2.17805 0 0 2.17805 0
296 0 0 0 0 0 0 0 2.17805 0 0 2.17805 0 -0.633202 0 0.0450406 -0.431341 0 0.227032 -0.252499 0 -0.0337252 -0.281431 0 -0.181978 0 0 0 0 0 0 0 0 0 0 0 0 0 2.17805 0 0 2.17805 0
297 0 0 0 0 0 0 0 2.17805 0 0 2.17805 0 -0.61992 0 0.0414143 -0.422232 0 0.22793 -0.252544 0 -0.0335468 -0.281768 0 -0.181743 0 0 0 0 0 0 0 0 0 0 0 0 0 2.17805 0 0 2.17805 0
298 0 0 0 0 0 0 0 2.17805 0 0 2.17805 0 -0.605816 0 0.0373721 -0.412671 0 0.228588 -0.252622 0 -0.0332625 -0.282275 0 -0.181373 0 0 0 0 0 0 0 0 0 0 0 0 0 2.17805 0 0 2.17805 0
299 0 0 0 0 0 0 0 2.17805 0 0 2.17805 0 -0.590984 0 0.0331836 -0.402551 0 0.229046 -0.252731 0 -0.0328738 -0.282947 0 -0.180871 0 0 0 0 0 0 0 0 0 0 0 0 0 2.17805 0 0 2.17805 0
300 0 0 0 0 0 0 0 2.17805 0 0 2.17805 0 -0.575513 0 0.0290508 -0.391803 0 0.22935 -0.25287 0 -0.0323876 -0.283772 0 -0.180243 0 0 0 0 0 0 0 0 0 0 0 0 0 2.17805 0 0 2.17805 0
301 0 0 0 0 0 0 0 2.17805 0 0 2.17805 0 -0.559479 0 0.0251046 -0.380394 0 0.229549 -0.253033 0 -0.0318149 -0.28473 0 -0.179502 0 0 0 0 0 0 0 0 0 0 0 0 0 2.17805 0 0 2.17805 0
302 0 0 0 0 0 0 0 2.17805 0 0 2.17805 0 -0.542938 0 0.0214087 -0.368327 0 0.229687 -0.253215 0 -0.0311694 -0.285797 0 -0.178663 0 0 0 0 0 0 0 0 0 0 0 0 0 2.17805 0 0 2.17805 0
303 0 0 0 0 0 0 0 2.17805 0 0 2.17805 0 -0.525921 0 0.0179674 -0.355637 0 0.229798 -0.253409 0 -0.0304656 -0.286944 0 -0.177746 0 0 0 0 0 0 0 0 0 0 0 0 0 2.17805 0 0 2.17805 0
304 0 0 0 0 0 0 0 2.17805 0 0 2.17805 0 -0.508438 0 0.0147369 -0.342383 0 0.229899 -0.253608 0 -0.0297173 -0.288144 0 -0.176766 0 0 0 0 0 0 0 0 0 0 0 0 0 2.17805 0 0 2.17805 0
305 0 0 0 0 0 0 0 2.17805 0 0 2.17805 0 -0.490476 0 0.0116366 -0.328643 0 0.229992 -0.253807 0 -0.028936 -0.28937 0 -0.17574 0 0 0 0 0 0 0 0 0 0 0 0 0 2.17805 0 0 2.17805 0
306 0 0 0 0 0 0 0 2.17805 0 0 2.17805 0 -0.472009 0 0.00856148 -0.314508 0 0.230062 -0.253997 0 -0.0281304 -0.290598 0 -0.174679 0 0 0 0 0 0 0 0 0 0 0 0 0 2.17805 0 0 2.17805 0
307 0 0 0 0 0 0 0 2.17805 0 0 2.17805 0 -0.452997 0 0.00539434 -0.300068 0 0.230075 -0.254173 0 -0.0273063 -0.291808 0 -0.173593 0 0 0 0 0 0 0 0 0 0 0 0 0 2.17805 0 0 2.17805 0
308 0 0 0 0 0 0 0 2.17805 0 0 2.17805 0 -0.433398 0 0.00201666 -0.285411 0 0.229983 -0.254332 0 -0.0264675 -0.292986 0 -0.172488 0 0 0 0 0 0 0 0 0 0 0 0 0 2.17805 0 0 2.17805 0
309 0 0 0 0 0 0 0 2.17805 0 0 2.17805 0 -0.413165 0 -0.0016822 -0.270614 0 0.229722 -0.254471 0 -0.0256157 -0.294123 0 -0.171368 0 0 0 0 0 0 0 0 0 0 0 0 0 2.17805 0 0 2.17805 0
310 0 0 0 0 0 0 0 2.17805 0 0 2.17805 0 -0.392254 0 -0.00579801 -0.255735 0 0.229216 -0.254589 0 -0.0247514 -0.295219 0 -0.170234 0 0 0 0 0 0 0 0 0 0 0 0 0 2.17805 0 0 2.17805 0
311 0 0 0 0 0 0 0 2.17805 0 0 2.17805 0 -0.370624 0 -0.0104074 -0.240815 0 0.228378 -0.254689 0 -0.0238734 -0.29628 0 -0.169085 0 0 0 0 0 0 0 0 0 0 0 0 0 2.17805 0 0 2.17805 0
312 0 0 0 0 0 0 0 2.17805 0 0 2.17805 0 -0.348244 0 -0.0155657 -0.225873 0 0.227116 -0.254775 0 -0.0229784 -0.29732 0 -0.167913 0 0 0 0 0 0 0 0 0 0 0 0 0 2.17805 0 0 2.17805 0
313 0 0 0 0 0 0 0 2.17805 0 0 2.17805 0 -0.325089 0 -0.0213063 -0.210907 0 0.225334 -0.254854 0 -0.0220606 -0.298362 0 -0.166709 0 0 0 0 0 0 0 0 0 0 0 0 0 2.17805 0 0 2.17805 0
314 0 0 0 0 0 0 0 2.17805 0 0 2.17805 0 -0.30115 0 -0.0276414 -0.195899 0 0.22294 -0.254933 0 -0.0211104 -0.299434 0 -0.165457 0 0 0 0 0 0 0 0 0 0 0 0 0 2.17805 0 0 2.17805 0
315 0 0 0 0 0 0 0 2.17805 0 0 2.17805 0 -0.276432 0 -0.0345629 -0.180817 0 0.219851 -0.255021 0 -0.0201142 -0.300565 0 -0.164134 0 0 0 0 0 0 0 0 0 0 0 0 0 2.17805 0 0 2.17805 0
316 0 0 0 0 0 0 0 2.17805 0 0 2.17805 0 -0.250961 0 -0.0420432 -0.165626 0 0.216001 -0.255122 0 -0.0190543 -0.301788 0 -0.162715 0 0 0 0 0 0 0 0 0 0 0 0 0 2.17805 0 0 2.17805 0
317 0 0 0 0 0 0 0 2.17805 0 0 2.17805 0 -0.22479 0 -0.0500359 -0.150296 0 0.211344 -0.255241 0 -0.0179089 -0.303129 0 -0.161167 0 0 0 0 0 0 0 0 0 0 0 0 0 2.17805 0 0 2.17805 0
318 0 0 0 0 0 0 0 2.17805 0 0 2.17805 0 -0.198001 0 -0.0584762 -0.134807 0 0.205863 -0.255378 0 -0.0166531 -0.304612 0 -0.159454 0 0 0 0 0 0 0 0 0 0 0 0 0 2.17805 0 0 2.17805 0
319 0 0 0 0 0 0 0 2.17805 0 0 2.17805 0 -0.170713 0 -0.0672803 -0.119159 0 0.199574 -0.255529 0 -0.0152591 -0.306252 0 -0.157538 0 0 0 0 0 0 0 0 0 0 0 0 0 2.17805 0 0 2.17805 0
320 0 0 0 0 0 0 0 2.17805 0 0 2.17805 0 -0.143092 0 -0.0763451 -0.103383 0 0.192527 -0.255688 0 -0.0136984 -0.308061 0 -0.155378 0 0 0 0 0 0 0 0 0 0 0 0 0 2.17805 0 0 2.17805 0
321 0 0 0 0 0 0 0 2.17805 0 0 2.17805 0 -0.115358 0 -0.0855488 -0.0875411 0 0.184812 -0.255847 0 -0.0119421 -0.310043 0 -0.152935 0 0 0 0 0 0 0 0 0 0 0 0 0 2.17805 0 0 2.17805 0
322 0 0 0 0 0 0 0 2.17805 0 0 2.17805 0 -0.0877966 0 -0.0947534 -0.071733 0 0.17656 -0.255996 0 -0.00996315 -0.312197 0 -0.150168 0 0 0 0 0 0 0 0 0 0 0 0 0 2.17805 0 0 2.17805 0
323 0 0 0 0 0 0 0 2.17805 0 0 2.17805 0 -0.060764 0 -0.103811 -0.0560979 0 0.167938 -0.256123 0 -0.00773719 -0.314521 0 -0.147042 0 0 0 0 0 0 0 0 0 0 0 0 0 2.17805 0 0 2.17805 0
324 0 0 0 0 0 0 0 2.17805 0 0 2.17805 0 -0.0346804 0 -0.112572 -0.0408118 0 0.159147 -0.256218 0 -0.0052435 -0.317006 0 -0.143522 0 0 0 0 0 0 0 0 0 0 0 0 0 2.17805 0 0 2.17805 0
325 0 0 0 0 0 0 0 2.17805 0 0 2.17805 0 -0.0100111 0 -0.120897 -0.0260806 0 0.150415 -0.256267 0 -0.00246524 -0.319643 0 -0.139577 0 0 0 0 0 0 0 0 0 0 0 0 0 2.17805 0 0 2.17805 0
326 0 0 0 0 0 0 0 2.17805 0 0 2.17805 0 0.012769 0 -0.12867 -0.0121277 0 0.141976 -0.256257 0 0.000610935 -0.322417 0 -0.135179 0 0 0 0 0 0 0 0 0 0 0 0 0 2.17805 0 0 2.17805 0
327 0 0 0 0 0 0 0 2.17805 0 0 2.17805 0 0.033223 0 -0.135799 0.000824153 0 0.134051 -0.256169 0 0.00399592 -0.325309 0 -0.130302 0 0 0 0 0 0 0 0 0 0 0 0 0 2.17805 0 0 2.17805 0
328 0 0 0 0 0 0 0 2.17805 0 0 2.17805 0 0.0510034 0 -0.142226 0.0125757 0 0.126832 -0.255982 0 0.00769918 -0.328295 0 -0.124917 0 0 0 0 0 0 0 0 0 0 0 0 0 2.17805 0 0 2.17805 0
329 0 0 0 0 0 0 0 2.17805 0 0 2.17805 0 0.0658965 0 -0.147919 0.0229739 0 0.120459 -0.255671 0 0.0117294 -0.331346 0 -0.118997 0 0 0 0 0 0 0 0 0 0 0 0 0 2.17805 0 0 2.17805 0
330 0 0 0 0 0 0 0 2.17805 0 0 2.17805 0 0.077849 0 -0.152867 0.0319301 0 0.115014 -0.255203 0 0.0160942 -0.334427 0 -0.112513 0 0 0 0 0 0 0 0 0 0 0 0 0 2.17805 0 0 2.17805 0
331 0 0 0 0 0 0 0 2.17805 0 0 2.17805 0 0.0869718 0 -0.157078 0.0394292 0 0.11052 -0.254545 0 0.0207988 -0.337497 0 -0.105435 0 0 0 0 0 0 0 0 0 0 0 0 0 2.17805 0 0 2.17805 0
332 0 0 0 0 0 0 0 2.17805 0 0 2.17805 0 0.0935206 0 -0.160571 0.0455288 0 0.106947 -0.25366 0 0.0258454 -0.340513 0 -0.0977375 0 0 0 0 0 0 0 0 0 0 0 0 0 2.17805 0 0 2.17805 0
333 0 0 0 0 0 0 0 2.17805 0 0 2.17805 0 0.0978586 0 -0.163378 0.0503479 0 0.104226 -0.252512 0 0.0312312 -0.343424 0 -0.089397 0 0 0 0 0 0 0 0 0 0 0 0 0 2.17805 0 0 2.17805 0
334 0 0 0 0 0 0 0 2.17805 0 0 2.17805 0 0.10041 0 -0.165548 0.0540506 0 0.102258 -0.251062 0 0.036949 -0.346173 0 -0.0803967 0 0 0 0 0 0 0 0 0 0 0 0 0 2.17805 0 0 2.17805 0
335 0 0 0 0 0 0 0 2.17805 0 0 2.17805 0 0.10161 0 -0.167148 0.0568259 0 0.100926 -0.249269 0 0.0429852 -0.348693 0 -0.0707292 0 0 0 0 0 0 0 0 0 0 0 0 0 2.17805 0 0 2.17805 0
336 0 0 0 0 0 0 0 2.17805 0 0 2.17805 0 0.101863 0 -0.16826 0.0588682 0 0.100106 -0.24709 0 0.049318 -0.350903 0 -0.0604039 0 0 0 0 0 0 0 0 0 0 0 0 0 2.17805 0 0 2.17805 0
337 0 0 0 0 0 0 0 2.17805 0 0 2.17805 0 0.101513 0 -0.16898 0.0603602 0 0.0996746 -0.244471 0 0.0559118 -0.352697 0 -0.0494595 0 0 0 0 0 0 0 0 0 0 0 0 0 2.17805 0 0 2.17805 0
338 0 0 0 0 0 0 0 2.17805 0 0 2.17805 0 0.10082 0 -0.1694 0.0614601 0 0.0995228 -0.24135 0 0.0627099 -0.353944 0 -0.037982 0 0 0 0 0 0 0 0 0 0 0 0 0 2.17805 0 0 2.17805 0
339 0 0 0 0 0 0 0 2.17805 0 0 2.17805 0 0.0999653 0 -0.169604 0.0622957 0 0.0995612 -0.237656 0 0.069625 -0.35448 0 -0.0261256 0 0 0 0 0 0 0 0 0 0 0 0 0 2.17805 0 0 2.17805 0
340 0 0 0 0 0 0 0 2.17805 0 0 2.17805 0 0.0990578 0 -0.169655 0.0629636 0 0.0997257 -0.233308 0 0.0765316 -0.354123 0 -0.0141309 0 0 0 0 0 0 0 0 0 0 0 0 0 2.17805 0 0 2.17805 0
341 0 0 0 0 0 0 0 2.17805 0 0 2.17805 0 0.098151 0 -0.169598 0.0635328 0 0.0999764 -0.228226 0 0.0832632 -0.352683 0 -0.00233294 0 0 0 0 0 0 0 0 0 0 0 0 0 2.17805 0 0 2.17805 0
342 0 0 0 0 0 0 0 2.17805 0 0 2.17805 0 0.0972616 0 -0.169458 0.0640509 0 0.100293 -0.222341 0 0.0896172 -0.349985 0 0.00885067 0 0 0 0 0 0 0 0 0 0 0 0 0 2.17805 0 0 2.17805 0
343 0 0 0 0 0 0 0 2.17805 0 0 2.17805 0 0.0963862 0 -0.169246 0.0645503 0 0.100671 -0.215599 0 0.0953713 -0.345892 0 0.0189533 0 0 0 0 0 0 0 0 0 0 0 0 0 2.17805 0 0 2.17805 0
344 0 0 0 0 0 0 0 2.17805 0 0 2.17805 0 0.0955127 0 -0.168965 0.0650537 0 0.101112 -0.207967 0 0.100308 -0.340319 0 0.0275135 0 0 0 0 0 0 0 0 0 0 0 0 0 2.17805 0 0 2.17805 0
345 0 0 0 0 0 0 0 2.17805 0 0 2.17805 0 0.0946276 0 -0.168611 0.0655778 0 0.10162 -0.199435 0 0.104241 -0.333232 0 0.0341372 0 0 0 0 0 0 0 0 0 0 0 0 0 2.17805 0 0 2.17805 0
346 0 0 0 0 0 0 0 2.17805 0 0 2.17805 0 0.0937193 0 -0.168182 0.0661353 0 0.102203 -0.190005 0 0.107046 -0.324634 0 0.0385536 0 0 0 0 0 0 0 0 0 0 0 0 0 2.17805 0 0 2.17805 0
347 0 0 0 0 0 0 0 2.17805 0 0 2.17805 0 0.092779 0 -0.167673 0.0667364 0 0.102865 -0.179688 0 0.108672 -0.314556 0 0.0406521 0 0 0 0 0 0 0 0 0 0 0 0 0 2.17805 0 0 2.17805 0
348 0 0 0 0 0 0 0 2.17805 0 0 2.17805 0 0.0918002 0 -0.167082 0.0673884 0 0.103608 -0.168492 0 0.109149 -0.303037 0 0.0404921 0 0 0 0 0 0 0 0 0 0 0 0 0 2.17805 0 0 2.17805 0
349 0 0 0 0 0 0 0 2.17805 0 0 2.17805 0 0.0907779 0 -0.166408 0.0680956 0 0.104432 -0.156429 0 0.108579 -0.290127 0 0.0382864 0 0 0 0 0 0 0 0 0 0 0 0 0 2.17805 0 0 2.17805 0
350 0 0 0 0 0 0 0 2.17805 0 0 2.17805 0 0.0897091 0 -0.165652 0.068859 0 0.105336 -0.143513 0 0.107122 -0.275884 0 0.0343618 0 0 0 0 0 0 0 0 0 0 0 0 0 2.17805 0 0 2.17805 0
351 0 0 0 0 0 0 0 2.17805 0 0 2.17805 0 0.0885925 0 -0.164815 0.0696752 0 0.106314 -0.129762 0 0.104964 -0.260383 0 0.0291065 0 0 0 0 0 0 0 0 0 0 0 0 0 2.17805 0 0 2.17805 0
352 0 0 0 0 0 0 0 2.17805 0 0 2.17805 0 0.0874305 0 -0.163906 0.0705365 0 0.107357 -0.115201 0 0.102298 -0.24371 0 0.0229151 0 0 0 0 0 0 0 0 0 0 0 0 0 2.17805 0 0 2.17805 0
353 0 0 0 0 0 0 0 2.17805 0 0 2.17805 0 0.0862302 0 -0.162936 0.0714305 0 0.108449 -0.0998615 0 0.0992967 -0.225963 0 0.0161431 0 0 0 0 0 0 0 0 0 0 0 0 0 2.17805 0 0 2.17805 0
354 0 0 0 0 0 0 0 2.17805 0 0 2.17805 0 0.085004 0 -0.161923 0.0723411 0 0.10957 -0.0837762 0 0.0960991 -0.207239 0 0.00907634 0 0 0 0 0 0 0 0 0 0 0 0 0 2.17805 0 0 2.17805 0
355 0 0 0 0 0 0 0 2.17805 0 0 2.17805 0 0.0837702 0 -0.160889 0.0732494 0 0.110696 -0.0669767 0 0.0928037 -0.187626 0 0.00191974 0 0 0 0 0 0 0 0 0 0 0 0 0 2.17805 0 0 2.17805 0
356 0 0 0 0 0 0 0 2.17805 0 0 2.17805 0 0.0825512 0 -0.159859 0.0741357 0 0.111799 -0.0494914 0 0.0894698 -0.167194 0 -0.00519946 0 0 0 0 0 0 0 0 0 0 0 0 0 2.17805 0 0 2.17805 0
357 0 0 0 0 0 0 0 2.17805 0 0 2.17805 0 0.0813721 0 -0.158862 0.0749812 0 0.112851 -0.0313447 0 0.0861239 -0.145996 0 -0.0122184 0 0 0 0 0 0 0 0 0 0 0 0 0 2.17805 0 0 2.17805 0
358 0 0 0 0 0 0 0 2.17805 0 0 2.17805 0 0.080257 0 -0.157922 0.0757702 0 0.113829 -0.0125588 0 0.0827684 -0.124069 0 -0.0191213 0 0 0 0 0 0 0 0 0 0 0 0 0 2.17805 0 0 2.17805 0
359 0 0 0 0 0 0 0 2.17805 0 0 2.17805 0 0.0792266 0 -0.157062 0.0764915 0 0.114713 0.00684483 0 0.0793906 -0.101438 0 -0.0259228 0 0 0 0 0 0 0 0 0 0 0 0 0 2.17805 0 0 2.17805 0
360 0 0 0 0 0 0 0 2.17805 0 0 2.17805 0 0.0782948 0 -0.156295 0.0771399 0 0.115491 0.0268432 0 0.0759705 -0.0781186 0 -0.0326533 0 0 0 0 0 0 0 0 0 0 0 0 0 2.17805 0 0 2.17805 0
361 0 0 0 0 0 0 0 2.17805 0 0 2.17805 0 0.0774668 0 -0.155627 0.0777164 0 0.116161 0.0474102 0 0.0724865 -0.0541238 0 -0.0393479 0 0 0 0 0 0 0 0 0 0 0 0 0 2.17805 0 0 2.17805 0
362 0 0 0 0 0 0 0 2.17805 0 0 2.17805 0 0.0767383 0 -0.155055 0.078228 0 0.116729 0.0685152 0 0.0689203 -0.029468 0 -0.0460379 0 0 0 0 0 0 0 0 0 0 0 0 0 2.17805 0 0 2.17805 0
363 0 0 0 0 0 0 0 2.17805 0 0 2.17805 0 0.0760952 0 -0.154565 0.0786869 0 0.117211 0.0901214 0 0.0652593 -0.00417133 0 -0.0527449 0 0 0 0 0 0 0 0 0 0 0 0 0 2.17805 0 0 2.17805 0
364 0 0 0 0 0 0 0 2.17805 0 0 2.17805 0 0.0755149 0 -0.154137 0.0791092 0 0.117628 0.112184 0 0.061499 0.0217348 0 -0.0594764 0 0 0 0 0 0 0 0 0 0 0 0 0 2.17805 0 0 2.17805 0
365 0 0 0 0 0 0 0 2.17805 0 0 2.17805 0 0.0749683 0 -0.153742 0.0795139 0 0.118008 0.134648 0 0.0576434 0.0482019 0 -0.0662241 0 0 0 0 0 0 0 0 0 0 0 0 0 2.17805 0 0 2.17805 0
366 0 0 0 0 0 0 0 2.17805 0 0 2.17805 0 0.0744225 0 -0.153351 0.0799214 0 0.118381 0.157446 0 0.0537049 0.0751587 0 -0.0729635 0 0 0 0 0 0 0 0 0 0 0 0 0 2.17805 0 0 2.17805 0
367 0 0 0 0 0 0 0 2.17805 0 0 2.17805 0 0.0738436 0 -0.15293 0.0803529 0 0.11878 0.180496 0 0.049703 0.102506 0 -0.0796562 0 0 0 0 0 0 0 0 0 0 0 0 0 2.17805 0 0 2.17805 0
368 0 0 0 0 0 0 0 2.17805 0 0 2.17805 0 0.0731992 0 -0.152445 0.0808294 0 0.119236 0.203696 0 0.0456621 0.130115 0 -0.086254 0 0 0 0 0 0 0 0 0 0 0 0 0 2.17805 0 0 2.17805 0
369 0 0 0 0 0 0 0 2.17805 0 0 2.17805 0 0.072461 0 -0.151864 0.0813717 0 0.119778 0.226931 0 0.0416079 0.157821 0 -0.092705 0 0 0 0 0 0 0 0 0 0 0 0 0 2.17805 0 0 2.17805 0
370 0 0 0 0 0 0 0 2.17805 0 0 2.17805 0 0.0716054 0 -0.151153 0.0820007 0 0.120437 0.250064 0 0.0375644 0.185433 0 -0.0989603 0 0 0 0 0 0 0 0 0 0 0 0 0 2.17805 0 0 2.17805 0
371 0 0 0 0 0 0 0 2.17805 0 0 2.17805 0 0.0706143 0 -0.15028 0.0827375 0 0.121238 0.272942 0 0.0335493 0.212731 0 -0.104981 0 0 0 0 0 0 0 0 0 0 0 0 0 2.17805 0 0 2.17805 0
372 0 0 0 0 0 0 0 2.17805 0 0 2.17805 0 0.0694738 0 -0.149214 0.0836045 0 0.122207 0.295401 0 0.0295714 0.239475 0 -0.110744 0 0 0 0 0 0 0 0 0 0 0 0 0 2.17805 0 0 2.17805 0
373 0 0 0 0 0 0 0 2.17805 0 0 2.17805 0 0.0681736 0 -0.14792 0.0846254 0 0.12337 0.317264 0 0.025628 0.265418 0 -0.116245 0 0 0 0 0 0 0 0 0 0 0 0 0 2.17805 0 0 2.17805 0
374 0 0 0 0 0 0 0 2.17805 0 0 2.17805 0 0.0667046 0 -0.146362 0.0858268 0 0.124753 0.338354 0 0.0217045 0.29031 0 -0.121502 0 0 0 0 0 0 0 0 0 0 0 0 0 2.17805 0 0 2.17805 0
375 0 0 0 0 0 0 0 2.17805 0 0 2.17805 0 0.0650586 0 -0.144502 0.0872378 0 0.12638 0.35849 0 0.0177761 0.313915 0 -0.126547 0 0 0 0 0 0 0 0 0 0 0 0 0 2.17805 0 0 2.17805 0
376 0 0 0 0 0 0 0 2.17805 0 0 2.17805 0 0.0632271 0 -0.142298 0.0888912 0 0.128276 0.377501 0 0.0138123 0.336014 0 -0.131429 0 0 0 0 0 0 0 0 0 0 0 0 0 2.17805 0 0 2.17805 0
377 0 0 0 0 0 0 0 2.17805 0 0 2.17805 0 0.0612024 0 -0.139704 0.0908236 0 0.130466 0.395227 0 0.00978321 0.356418 0 -0.136196 0 0 0 0 0 0 0 0 0 0 0 0 0 2.17805 0 0 2.17805 0
378 0 0 0 0 0 0 0 2.17805 0 0 2.17805 0 0.0589783 0 -0.136671 0.0930759 0 0.13297 0.411528 0 0.00566858 0.374976 0 -0.140892 0 0 0 0 0 0 0 0 0 0 0 0 0 2.17805 0 0 2.17805 0
379 0 0 0 0 0 0 0 2.17805 0 0 2.17805 0 0.0565517 0 -0.133146 0.0956941 0 0.135809 0.426285 0 0.00146639 0.391574 0 -0.145541 0 0 0 0 0 0 0 0 0 0 0 0 0 2.17805 0 0 2.17805 0
380 0 0 0 0 0 0 0 2.17805 0 0 2.17805 0 0.0539246 0 -0.12907 0.0987306 0 0.138999 0.439412 0 -0.00279969 0.406145 0 -0.150141 0 0 0 0 0 0 0 0 0 0 0 0 0 2.17805 0 0 2.17805 0
381 0 0 0 0 0 0 0 2.17805 0 0 2.17805 0 0.0511061 0 -0.12438 0.102246 0 0.142554 0.450859 0 -0.00707629 0.41867 0 -0.154657 0 0 0 0 0 0 0 0 0 0 0 0 0 2.17805 0 0 2.17805 0
382 0 0 0 0 0 0 0 2.17805 0 0 2.17805 0 0.0481149 0 -0.119005 0.106308 0 0.14648 0.460617 0 -0.0112816 0.429173 0 -0.159022 0 0 0 0 0 0 0 0 0 0 0 0 0 2.17805 0 0 2.17805 0
383 0 0 0 0 0 0 0 2.17805 0 0 2.17805 0 0.0449825 0 -0.112869 0.110998 0 0.150781 0.468725 0 -0.0153124 0.437727 0 -0.163148 0 0 0 0 0 0 0 0 0 0 0 0 0 2.17805 0 0 2.17805 0
384 0 0 0 0 0 0 0 2.17805 0 0 2.17805 0 0.0417571 0 -0.105888 0.116402 0 0.155449 0.475266 0 -0.0190561 0.444448 0 -0.166929 0 0 0 0 0 0 0 0 0 0 0 0 0 2.17805 0 0 2.17805 0
385 0 0 0 0 0 0 0 2.17805 0 0 2.17805 0 0.0385108 0 -0.09798 0.122614 0 0.160468 0.480369 0 -0.0224066 0.449492 0 -0.170267 0 0 0 0 0 0 0 0 0 0 0 0 0 2.17805 0 0 2.17805 0
386 0 0 0 0 0 0 0 2.17805 0 0 2.17805 0 0.0353473 0 -0.0890723 0.12973 0 0.165802 0.484198 0 -0.0252802 0.453051 0 -0.173084 0 0 0 0 0 0 0 0 0 0 0 0 0 2.17805 0 0 2.17805 0
387 0 0 0 0 0 0 0 2.17805 0 0 2.17805 0 0.0324127 0 -0.0791159 0.137832 0 0.171395 0.486944 0 -0.0276291 0.455345 0 -0.175337 0 0 0 0 0 0 0 0 0 0 0 0 0 2.17805 0 0 2.17805 0
388 0 0 0 0 0 0 0 2.17805 0 0 2.17805 0 0.0299038 0 -0.0681097 0.146985 0 0.177167 0.48881 0 -0.0294486 0.456614 0 -0.177028 0 0 0 0 0 0 0 0 0 0 0 0 0 2.17805 0 0 2.17805 0
389 0 0 0 0 0 0 0 2.17805 0 0 2.17805 0 0.0280716 0 -0.0561278 0.157219 0 0.183016 0.49 0 -0.0307772 0.457108 0 -0.178202 0 0 0 0 0 0 0 0 0 0 0 0 0 2.17805 0 0 2.17805 0
390 0 0 0 0 0 0 0 2.17805 0 0 2.17805 0 0.027214 0 -0.0433486 0.168516 0 0.188821 0.490701 0 -0.0316881 0.457066 0 -0.178946 0 0 0 0 0 0 0 0 0 0 0 0 0 2.17805 0 0 2.17805 0
391 0 0 0 0 0 0 0 2.17805 0 0 2.17805 0 0.0276533 0 -0.0300754 0.180808 0 0.194452 0.491077 0 -0.0322753 0.456707 0 -0.179363 0 0 0 0 0 0 0 0 0 0 0 0 0 2.17805 0 0 2.17805 0
392 0 0 0 0 0 0 0 2.17805 0 0 2.17805 0 0.0296989 0 -0.0167359 0.193975 0 0.199787 0.491256 0 -0.0326369 0.456213 0 -0.179566 0 0 0 0 0 0 0 0 0 0 0 0 0 2.17805 0 0 2.17805 0
393 0 0 0 0 0 0 0 2.17805 0 0 2.17805 0 0.0336072 0 -0.00385407 0.207857 0 0.204726 0.491336 0 -0.0328595 0.455715 0 -0.179649 0 0 0 0 0 0 0 0 0 0 0 0 0 2.17805 0 0 2.17805 0
394 0 0 0 0 0 0 0 2.17805 0 0 2.17805 0 0.0395489 0 0.00800677 0.222281 0 0.209198 0.491378 0 -0.0330078 0.455297 0 -0.179685 0 0 0 0 0 0 0 0 0 0 0 0 0 2.17805 0 0 2.17805 0
395 0 0 0 0 0 0 0 2.17805 0 0 2.17805 0 0.047599 0 0.0183163 0.23708 0 0.213165 0.491419 0 -0.0331194 0.454991 0 -0.179711 0 0 0 0 0 0 0 0 0 0 0 0 0 2.17805 0 0 2.17805 0
396 0 0 0 0 0 0 0 2.17805 0 0 2.17805 0 0.05775 0 0.0266458 0.252121 0 0.216617 0.491472 0 -0.0332067 0.454789 0 -0.179735 0 0 0 0 0 0 0 0 0 0 0 0 0 2.17805 0 0 2.17805 0
397 0 0 0 0 0 0 0 2.17805 0 0 2.17805 0 0.0699408 0 0.0327178 0.267318 0 0.219563 0.49154 0 -0.0332617 0.454654 0 -0.179739 0 0 0 0 0 0 0 0 0 0 0 0 0 2.17805 0 0 2.17805 0
398 0 0 0 0 0 0 0 2.17805 0 0 2.17805 0 0.0840866 0 0.0364274 0.282641 0 0.222021 0.491614 0 -0.0332642 0.454532 0 -0.179692 0 0 0 0 0 0 0 0 0 0 0 0 0 2.17805 0 0 2.17805 0
399 0 0 0 0 0 0 0 2.17805 0 0 2.17805 0 0.1001 0 0.0378384 0.298107 0 0.224016 0.491682 0 -0.0331887 0.454365 0 -0.179557 0 0 0 0 0 0 0 0 0 0 0 0 0 2.17805 0 0 2.17805 0
400 0 0 0 0 0 0 0 2.17805 0 0 2.17805 0 0.117896 0 0.0371581 0.313777 0 0.225571 0.491734 0 -0.0330106 0.454102 0 -0.179298 0 0 0 0 0 0 0 0 0 0 0 0 0 2.17805 0 0 2.17805 0
401 0 0 0 0 0 0 0 2.17805 0 0 2.17805 0 0.137392 0 0.0346983 0.32974 0 0.226717 0.491759 0 -0.0327105 0.453702 0 -0.178888 0 0 0 0 0 0 0 0 0 0 0 0 0 2.17805 0 0 2.17805 0
402 0 0 0 0 0 0 0 2.17805 0 0 2.17805 0 0.158496 0 0.0308293 0.346097 0 0.227488 0.491752 0 -0.0322768 0.453145 0 -0.17831 0 0 0 0 0 0 0 0 0 0 0 0 0 2.17805 0 0 2.17805 0
403 0 0 0 0 0 0 0 2.17805 0 0 2.17805 0 0.181101 0 0.0259313 0.362946 0 0.227925 0.491711 0 -0.0317074 0.452424 0 -0.177559 0 0 0 0 0 0 0 0 0 0 0 0 0 2.17805 0 0 2.17805 0
404 0 0 0 0 0 0 0 2.17805 0 0 2.17805 0 0.20509 0 0.0203541 0.380368 0 0.228072 0.491637 0 -0.0310101 0.451549 0 -0.176643 0 0 0 0 0 0 0 0 0 0 0 0 0 2.17805 0 0 2.17805 0
405 0 0 0 0 0 0 0 2.17805 0 0 2.17805 0 0.230336 0 0.0143858 0.398416 0 0.22797 0.491536 0 -0.0302018 0.450542 0 -0.175583 0 0 0 0 0 0 0 0 0 0 0 0 0 2.17805 0 0 2.17805 0
406 0 0 0 0 0 0 0 2.17805 0 0 2.17805 0 0.256719 0 0.00823647 0.417111 0 0.227652 0.491413 0 -0.0293065 0.44943 0 -0.174405 0 0 0 0 0 0 0 0 0 0 0 0 0 2.17805 0 0 2.17805 0
407 0 0 0 0 0 0 0 2.17805 0 0 2.17805 0 0.284131 0 0.00203541 0.436439 0 0.227138 0.491275 0 -0.0283513 0.448242 0 -0.173142 0 0 0 0 0 0 0 0 0 0 0 0 0 2.17805 0 0 2.17805 0
408 0 0 0 0 0 0 0 2.17805 0 0 2.17805 0 0.312484 0 -0.00416039 0.456354 0 0.226426 0.491127 0 -0.0273625 0.447002 0 -0.171824 0 0 0 0 0 0 0 0 0 0 0 0 0 2.17805 0 0 2.17805 0
409 0 0 0 0 0 0 0 2.17805 0 0 2.17805 0 0.341709 0 -0.0103509 0.476789 0 0.225493 0.490974 0 -0.0263613 0.445729 0 -0.170476 0 0 0 0 0 0 0 0 0 0 0 0 0 2.17805 0 0 2.17805 0
410 0 0 0 0 0 0 0 2.17805 0 0 2.17805 0 0.371758 0 -0.0165737 0.497661 0 0.224294 0.490817 0 -0.0253603 0.444431 0 -0.169111 0 0 0 0 0 0 0 0 0 0 0 0 0 2.17805 0 0 2.17805 0
411 0 0 0 0 0 0 0 2.17805 0 0 2.17805 0 0.402591 0 -0.0228852 0.518885 0 0.222766 0.490655 0 -0.0243617 0.443109 0 -0.167733 0 0 0 0 0 0 0 0 0 0 0 0 0 2.17805 0 0 2.17805 0
412 0 0 0 0 0 0 0 2.17805 0 0 2.17805 0 0.434167 0 -0.0293439 0.540376 0 0.220833 0.490485 0 -0.0233566 0.441752 0 -0.166329 0 0 0 0 0 0 0 0 0 0 0 0 0 2.17805 0 0 2.17805 0
413 0 0 0 0 0 0 0 2.17805 0 0 2.17805 0 0.466428 0 -0.0359976 0.562058 0 0.218411 0.490304 0 -0.0223253 0.440345 0 -0.164874 0 0 0 0 0 0 0 0 0 0 0 0 0 2.17805 0 0 2.17805 0
414 0 0 0 0 0 0 0 2.17805 0 0 2.17805 0 0.499292 0 -0.0428754 0.583864 0 0.21542 0.490107 0 -0.0212382 0.438861 0 -0.16333 0 0 0 0 0 0 0 0 0 0 0 0 0 2.17805 0 0 2.17805 0
415 0 0 0 0 0 0 0 2.17805 0 0 2.17805 0 0.532633 0 -0.049984 0.605729 0 0.21179 0.489889 0 -0.020058 0.437273 0 -0.161648 0 0 0 0 0 0 0 0 0 0 0 0 0 2.17805 0 0 2.17805 0
416 0 0 0 0 0 0 0 2.17805 0 0 2.17805 0 0.566273 0 -0.0573071 0.627581 0 0.207476 0.489649 0 -0.0187419 0.43555 0 -0.159772 0 0 0 0 0 0 0 0 0 0 0 0 0 2.17805 0 0 2.17805 0
417 0 0 0 0 0 0 0 2.17805 0 0 2.17805 0 0.599979 0 -0.0648073 0.649334 0 0.202462 0.489387 0 -0.0172441 0.433663 0 -0.15764 0 0 0 0 0 0 0 0 0 0 0 0 0 2.17805 0 0 2.17805 0
418 0 0 0 0 0 0 0 2.17805 0 0 2.17805 0 0.633455 0 -0.0724282 0.670868 0 0.196773 0.489104 0 -0.0155191 0.431585 0 -0.155189 0 0 0 0 0 0 0 0 0 0 0 0 0 2.17805 0 0 2.17805 0
419 0 0 0 0 0 0 0 2.17805 0 0 2.17805 0 0.666342 0 -0.0800965 0.69203 0 0.190475 0.488809 0 -0.0135235 0.429299 0 -0.152357 0 0 0 0 0 0 0 0 0 0 0 0 0 2.17805 0 0 2.17805 0
420 0 0 0 0 0 0 0 2.17805 0 0 2.17805 0 0.698231 0 -0.087725 0.712625 0 0.183682 0.488511 0 -0.0112189 0.426792 0 -0.149084 0 0 0 0 0 0 0 0 0 0 0 0 0 2.17805 0 0 2.17805 0
421 0 0 0 0 0 0 0 2.17805 0 0 2.17805 0 0.72867 0 -0.0952167 0.732425 0 0.176546 0.488228 0 -0.00857223 0.424066 0 -0.145318 0 0 0 0 0 0 0 0 0 0 0 0 0 2.17805 0 0 2.17805 0
422 0 0 0 0 0 0 0 2.17805 0 0 2.17805 0 0.757193 0 -0.102471 0.751187 0 0.169251 0.487981 0 -0.00555609 0.42113 0 -0.141007 0 0 0 0 0 0 0 0 0 0 0 0 0 2.17805 0 0 2.17805 0
423 0 0 0 0 0 0 0 2.17805 0 0 2.17805 0 0.78335 0 -0.109388 0.768673 0 0.162004 0.487799 0 -0.00214746 0.418002 0 -0.136104 0 0 0 0 0 0 0 0 0 0 0 0 0 2.17805 0 0 2.17805 0
424 0 0 0 0 0 0 0 2.17805 0 0 2.17805 0 0.806748 0 -0.11588 0.784676 0 0.155011 0.487718 0 0.00167415 0.414708 0 -0.130559 0 0 0 0 0 0 0 0 0 0 0 0 0 2.17805 0 0 2.17805 0
425 0 0 0 0 0 0 0 2.17805 0 0 2.17805 0 0.827094 0 -0.121869 0.799046 0 0.148469 0.487781 0 0.00592856 0.411281 0 -0.124317 0 0 0 0 0 0 0 0 0 0 0 0 0 2.17805 0 0 2.17805 0
426 0 0 0 0 0 0 0 2.17805 0 0 2.17805 0 0.844225 0 -0.127288 0.811706 0 0.142548 0.488038 0 0.0106363 0.407763 0 -0.117317 0 0 0 0 0 0 0 0 0 0 0 0 0 2.17805 0 0 2.17805 0
427 0 0 0 0 0 0 0 2.17805 0 0 2.17805 0 0.858129 0 -0.132084 0.822657 0 0.13738 0.488551 0 0.0158183 0.404209 0 -0.109492 0 0 0 0 0 0 0 0 0 0 0 0 0 2.17805 0 0 2.17805 0
428 0 0 0 0 0 0 0 2.17805 0 0 2.17805 0 0.868944 0 -0.13621 0.831982 0 0.133053 0.489389 0 0.0214934 0.400691 0 -0.100772 0 0 0 0 0 0 0 0 0 0 0 0 0 2.17805 0 0 2.17805 0
429 0 0 0 0 0 0 0 2.17805 0 0 2.17805 0 0.87694 0 -0.139633 0.839827 0 0.12961 0.490639 0 0.0276732 0.397312 0 -0.0910961 0 0 0 0 0 0 0 0 0 0 0 0 0 2.17805 0 0 2.17805 0
430 0 0 0 0 0 0 0 2.17805 0 0 2.17805 0 0.882488 0 -0.142336 0.846386 0 0.127044 0.492399 0 0.0343534 0.394213 0 -0.0804318 0 0 0 0 0 0 0 0 0 0 0 0 0 2.17805 0 0 2.17805 0
431 0 0 0 0 0 0 0 2.17805 0 0 2.17805 0 0.886016 0 -0.144331 0.851877 0 0.125305 0.494786 0 0.0415015 0.391589 0 -0.0687998 0 0 0 0 0 0 0 0 0 0 0 0 0 2.17805 0 0 2.17805 0
432 0 0 0 0 0 0 0 2.17805 0 0 2.17805 0 0.887973 0 -0.145659 0.856523 0 0.124304 0.497937 0 0.0490428 0.38969 0 -0.0563078 0 0 0 0 0 0 0 0 0 0 0 0 0 2.17805 0 0 2.17805 0
433 0 0 0 0 0 0 0 2.17805 0 0 2.17805 0 0.888781 0 -0.146392 0.860529 0 0.123924 0.501999 0 0.0568463 0.388817 0 -0.0431835 0 0 0 0 0 0 0 0 0 0 0 0 0 2.17805 0 0 2.17805 0
434 0 0 0 0 0 0 0 2.17805 0 0 2.17805 0 0.888812 0 -0.146626 0.864073 0 0.124035 0.50712 0 0.0647182 0.389292 0 -0.0297945 0 0 0 0 0 0 0 0 0 0 0 0 0 2.17805 0 0 2.17805 0
435 0 0 0 0 0 0 0 2.17805 0 0 2.17805 0 0.888361 0 -0.146467 0.867301 0 0.124504 0.513436 0 0.0724062 0.391425 0 -0.0166416 0 0 0 0 0 0 0 0 0 0 0 0 0 2.17805 0 0 2.17805 0
436 0 0 0 0 0 0 0 2.17805 0 0 2.17805 0 0.887649 0 -0.146019 0.870321 0 0.125217 0.521046 0 0.0796219 0.395465 0 -0.00431643 0 0 0 0 0 0 0 0 0 0 0 0 0 2.17805 0 0 2.17805 0
437 0 0 0 0 0 0 0 2.17805 0 0 2.17805 0 0.886819 0 -0.145371 0.873214 0 0.126077 0.530009 0 0.0860757 0.401574 0 0.00657384 0 0 0 0 0 0 0 0 0 0 0 0 0 2.17805 0 0 2.17805 0
438 0 0 0 0 0 0 0 2.17805 0 0 2.17805 0 0.885955 0 -0.14459 0.876034 0 0.127018 0.540342 0 0.0915173 0.409817 0 0.0154946 0 0 0 0 0 0 0 0 0 0 0 0 0 2.17805 0 0 2.17805 0
439 0 0 0 0 0 0 0 2.17805 0 0 2.17805 0 0.885098 0 -0.143721 0.878819 0 0.127995 0.55203 0 0.0957702 0.420186 0 0.0220599 0 0 0 0 0 0 0 0 0 0 0 0 0 2.17805 0 0 2.17805 0
440 0 0 0 0 0 0 0 2.17805 0 0 2.17805 0 0.88426 0 -0.142789 0.881591 0 0.128986 0.565046 0 0.0987505 0.432628 0 0.0260776 0 0 0 0 0 0 0 0 0 0 0 0 0 2.17805 0 0 2.17805 0
441 0 0 0 0 0 0 0 2.17805 0 0 2.17805 0 0.883436 0 -0.141805 0.884364 0 0.129982 0.579361 0 0.100469 0.447074 0 0.0275558 0 0 0 0 0 0 0 0 0 0 0 0 0 2.17805 0 0 2.17805 0
442 0 0 0 0 0 0 0 2.17805 0 0 2.17805 0 0.882619 0 -0.14077 0.887147 0 0.130981 0.59495 0 0.101017 0.463459 0 0.026677 0 0 0 0 0 0 0 0 0 0 0 0 0 2.17805 0 0 2.17805 0
443 0 0 0 0 0 0 0 2.17805 0 0 2.17805 0 0.881796 0 -0.13968 0.889942 0 0.131986 0.611796 0 0.100543 0.481724 0 0.0237496 0 0 0 0 0 0 0 0 0 0 0 0 0 2.17805 0 0 2.17805 0
